[2023-04-06 16:05:34.227] [main] INFO  -> ViewNode-Cluster-leader节点响应超时，正在进行更新操作...
[2023-04-06 16:05:35.342] [io-thread-0] INFO  -> 成功更新ViewNode-Cluster-leader节点信息，位于/127.0.0.1:4002
[2023-04-06 16:05:36.368] [io-thread-0] INFO  -> true
[2023-04-06 16:05:36.380] [io-thread-0] INFO  -> true
[2023-04-06 16:05:36.380] [io-thread-0] INFO  -> true
[2023-04-06 16:05:36.380] [io-thread-0] INFO  -> true
[2023-04-06 16:05:36.380] [io-thread-0] INFO  -> true
[2023-04-06 16:05:36.380] [io-thread-0] INFO  -> true
[2023-04-06 16:05:36.380] [io-thread-0] INFO  -> true
[2023-04-06 16:05:36.381] [io-thread-0] INFO  -> true
[2023-04-06 16:05:36.381] [io-thread-0] INFO  -> true
[2023-04-06 16:05:36.381] [io-thread-0] INFO  -> true
[2023-04-06 16:05:36.628] [io-thread-0] INFO  -> true
[2023-04-06 16:05:36.628] [io-thread-0] INFO  -> true
[2023-04-06 16:05:36.628] [io-thread-0] INFO  -> true
[2023-04-06 16:05:36.628] [io-thread-0] INFO  -> true
[2023-04-06 16:05:36.629] [io-thread-0] INFO  -> true
[2023-04-06 16:05:36.738] [io-thread-0] INFO  -> true
[2023-04-06 16:05:36.832] [io-thread-0] INFO  -> true
[2023-04-06 16:05:36.840] [io-thread-0] INFO  -> true
[2023-04-06 16:05:36.846] [io-thread-0] INFO  -> true
[2023-04-06 16:05:37.051] [io-thread-0] INFO  -> true
[2023-04-06 16:05:37.061] [io-thread-0] INFO  -> true
[2023-04-06 16:05:37.065] [io-thread-0] INFO  -> true
[2023-04-06 16:05:37.281] [io-thread-0] INFO  -> true
[2023-04-06 16:05:37.292] [io-thread-0] INFO  -> true
[2023-04-06 16:05:37.301] [io-thread-0] INFO  -> true
[2023-04-06 16:05:37.498] [io-thread-0] INFO  -> true
[2023-04-06 16:05:37.508] [io-thread-0] INFO  -> true
[2023-04-06 16:05:37.516] [io-thread-0] INFO  -> true
[2023-04-06 16:05:37.716] [io-thread-0] INFO  -> true
[2023-04-06 16:05:37.727] [io-thread-0] INFO  -> true
[2023-04-06 16:05:37.731] [io-thread-0] INFO  -> true
[2023-04-06 16:05:37.932] [io-thread-0] INFO  -> true
[2023-04-06 16:05:37.940] [io-thread-0] INFO  -> true
[2023-04-06 16:05:37.945] [io-thread-0] INFO  -> true
[2023-04-06 16:05:38.151] [io-thread-0] INFO  -> true
[2023-04-06 16:05:38.164] [io-thread-0] INFO  -> true
[2023-04-06 16:05:38.170] [io-thread-0] INFO  -> true
[2023-04-06 16:05:38.380] [io-thread-0] INFO  -> true
[2023-04-06 16:05:38.392] [io-thread-0] INFO  -> true
[2023-04-06 16:05:38.394] [io-thread-0] INFO  -> true
[2023-04-06 16:05:38.410] [ViewNode-Cluster-Timer] INFO  -> ViewNode-Cluster-leader节点响应超时，正在进行更新操作...
[2023-04-06 16:05:39.517] [io-thread-1] INFO  -> 成功更新ViewNode-Cluster-leader节点信息，位于/127.0.0.1:4002
[2023-04-06 16:13:59.644] [main] INFO  -> ViewNode-Cluster-leader节点响应超时，正在进行更新操作...
[2023-04-06 16:14:00.748] [io-thread-0] INFO  -> 成功更新ViewNode-Cluster-leader节点信息，位于/127.0.0.1:4001
[2023-04-06 16:14:00.883] [io-thread-1] INFO  -> true
[2023-04-06 16:14:00.932] [io-thread-1] INFO  -> true
[2023-04-06 16:14:00.933] [io-thread-1] INFO  -> true
[2023-04-06 16:14:01.067] [io-thread-1] INFO  -> true
[2023-04-06 16:14:01.158] [io-thread-1] INFO  -> true
[2023-04-06 16:14:01.199] [io-thread-1] INFO  -> true
[2023-04-06 16:14:01.251] [io-thread-1] INFO  -> true
[2023-04-06 16:14:01.259] [io-thread-1] INFO  -> true
[2023-04-06 16:14:01.262] [io-thread-1] INFO  -> true
[2023-04-06 16:14:01.475] [io-thread-1] INFO  -> true
[2023-04-06 16:14:01.490] [io-thread-1] INFO  -> true
[2023-04-06 16:14:01.493] [io-thread-1] INFO  -> true
[2023-04-06 16:14:01.703] [io-thread-1] INFO  -> true
[2023-04-06 16:14:01.711] [io-thread-1] INFO  -> true
[2023-04-06 16:14:01.716] [io-thread-1] INFO  -> true
[2023-04-06 16:14:01.921] [io-thread-1] INFO  -> true
[2023-04-06 16:14:01.927] [io-thread-1] INFO  -> true
[2023-04-06 16:14:01.930] [io-thread-1] INFO  -> true
[2023-04-06 16:14:02.131] [io-thread-1] INFO  -> true
[2023-04-06 16:14:02.139] [io-thread-1] INFO  -> true
[2023-04-06 16:14:02.142] [io-thread-1] INFO  -> true
[2023-04-06 16:14:02.356] [io-thread-1] INFO  -> true
[2023-04-06 16:14:02.361] [io-thread-1] INFO  -> true
[2023-04-06 16:14:02.365] [io-thread-1] INFO  -> true
[2023-04-06 16:14:02.575] [io-thread-1] INFO  -> true
[2023-04-06 16:14:02.584] [io-thread-1] INFO  -> true
[2023-04-06 16:14:02.587] [io-thread-1] INFO  -> true
[2023-04-06 16:14:02.795] [io-thread-1] INFO  -> true
[2023-04-06 16:14:02.803] [io-thread-1] INFO  -> true
[2023-04-06 16:14:02.807] [io-thread-1] INFO  -> true
[2023-04-06 16:14:03.014] [io-thread-1] INFO  -> true
[2023-04-06 16:14:03.022] [io-thread-1] INFO  -> true
[2023-04-06 16:14:03.025] [io-thread-1] INFO  -> true
[2023-04-06 16:14:03.232] [io-thread-1] INFO  -> true
[2023-04-06 16:14:03.236] [io-thread-1] INFO  -> true
[2023-04-06 16:14:03.243] [io-thread-1] INFO  -> true
[2023-04-06 16:14:03.452] [io-thread-1] INFO  -> true
[2023-04-06 16:14:03.463] [io-thread-1] INFO  -> true
[2023-04-06 16:14:03.465] [io-thread-1] INFO  -> true
[2023-04-06 16:14:03.682] [io-thread-1] INFO  -> true
[2023-04-06 16:14:03.691] [io-thread-1] INFO  -> true
[2023-04-06 16:14:03.696] [io-thread-1] INFO  -> true
[2023-04-06 16:14:03.819] [ViewNode-Cluster-Timer] INFO  -> ViewNode-Cluster-leader节点响应超时，正在进行更新操作...
[2023-04-06 16:14:04.926] [io-thread-0] INFO  -> 成功更新ViewNode-Cluster-leader节点信息，位于/127.0.0.1:4001
[2023-04-06 16:20:21.405] [main] INFO  -> ViewNode-Cluster-leader节点响应超时，正在进行更新操作...
[2023-04-06 16:20:22.513] [io-thread-0] INFO  -> 成功更新ViewNode-Cluster-leader节点信息，位于/127.0.0.1:4000
[2023-04-06 16:20:22.884] [io-thread-0] INFO  -> true
[2023-04-06 16:20:22.884] [io-thread-0] INFO  -> true
[2023-04-06 16:20:22.885] [io-thread-0] INFO  -> true
[2023-04-06 16:20:22.885] [io-thread-0] INFO  -> true
[2023-04-06 16:20:22.908] [io-thread-0] INFO  -> true
[2023-04-06 16:20:22.918] [io-thread-0] INFO  -> true
[2023-04-06 16:20:22.950] [io-thread-0] INFO  -> true
[2023-04-06 16:20:22.957] [io-thread-0] INFO  -> true
[2023-04-06 16:20:22.960] [io-thread-0] INFO  -> true
[2023-04-06 16:20:23.183] [io-thread-0] INFO  -> true
[2023-04-06 16:20:23.197] [io-thread-0] INFO  -> true
[2023-04-06 16:20:23.206] [io-thread-0] INFO  -> true
[2023-04-06 16:20:23.404] [io-thread-0] INFO  -> true
[2023-04-06 16:20:23.415] [io-thread-0] INFO  -> true
[2023-04-06 16:20:23.425] [io-thread-0] INFO  -> true
[2023-04-06 16:20:23.619] [io-thread-0] INFO  -> true
[2023-04-06 16:20:23.629] [io-thread-0] INFO  -> true
[2023-04-06 16:20:23.648] [io-thread-0] INFO  -> true
[2023-04-06 16:20:23.836] [io-thread-0] INFO  -> true
[2023-04-06 16:20:23.842] [io-thread-0] INFO  -> true
[2023-04-06 16:20:23.846] [io-thread-0] INFO  -> true
[2023-04-06 16:20:24.055] [io-thread-0] INFO  -> true
[2023-04-06 16:20:24.066] [io-thread-0] INFO  -> true
[2023-04-06 16:20:24.069] [io-thread-0] INFO  -> true
[2023-04-06 16:20:24.271] [io-thread-0] INFO  -> true
[2023-04-06 16:20:24.276] [io-thread-0] INFO  -> true
[2023-04-06 16:20:24.281] [io-thread-0] INFO  -> true
[2023-04-06 16:20:24.500] [io-thread-0] INFO  -> true
[2023-04-06 16:20:24.514] [io-thread-0] INFO  -> true
[2023-04-06 16:20:24.519] [io-thread-0] INFO  -> true
[2023-04-06 16:20:24.718] [io-thread-0] INFO  -> true
[2023-04-06 16:20:24.728] [io-thread-0] INFO  -> true
[2023-04-06 16:20:24.732] [io-thread-0] INFO  -> true
[2023-04-06 16:20:24.943] [io-thread-0] INFO  -> true
[2023-04-06 16:20:24.951] [io-thread-0] INFO  -> true
[2023-04-06 16:20:24.957] [io-thread-0] INFO  -> true
[2023-04-06 16:20:25.155] [io-thread-0] INFO  -> true
[2023-04-06 16:20:25.161] [io-thread-0] INFO  -> true
[2023-04-06 16:20:25.168] [io-thread-0] INFO  -> true
[2023-04-06 16:20:25.373] [io-thread-0] INFO  -> true
[2023-04-06 16:20:25.379] [io-thread-0] INFO  -> true
[2023-04-06 16:20:25.391] [io-thread-0] INFO  -> true
[2023-04-06 16:20:25.590] [ViewNode-Cluster-Timer] INFO  -> ViewNode-Cluster-leader节点响应超时，正在进行更新操作...
[2023-04-06 16:20:26.685] [io-thread-0] INFO  -> 成功更新ViewNode-Cluster-leader节点信息，位于/127.0.0.1:4000
[2023-04-06 16:26:59.789] [main] INFO  -> ViewNode-Cluster-leader节点响应超时，正在进行更新操作...
[2023-04-06 16:27:00.896] [io-thread-0] INFO  -> 成功更新ViewNode-Cluster-leader节点信息，位于/127.0.0.1:4002
[2023-04-06 16:27:01.215] [io-thread-0] INFO  -> true
[2023-04-06 16:27:01.215] [io-thread-0] INFO  -> true
[2023-04-06 16:27:01.215] [io-thread-0] INFO  -> true
[2023-04-06 16:27:01.274] [io-thread-0] INFO  -> true
[2023-04-06 16:27:01.311] [io-thread-0] INFO  -> true
[2023-04-06 16:27:03.963] [ViewNode-Cluster-Timer] INFO  -> ViewNode-Cluster-leader节点响应超时，正在进行更新操作...
[2023-04-06 16:27:05.068] [io-thread-0] INFO  -> 成功更新ViewNode-Cluster-leader节点信息，位于/127.0.0.1:4002
[2023-04-06 16:37:05.296] [main] INFO  -> ViewNode-Cluster-leader节点响应超时，正在进行更新操作...
[2023-04-06 16:37:06.401] [io-thread-0] INFO  -> 成功更新ViewNode-Cluster-leader节点信息，位于/127.0.0.1:4000
[2023-04-06 16:37:06.734] [io-thread-0] INFO  -> true
[2023-04-06 16:37:06.734] [io-thread-0] INFO  -> true
[2023-04-06 16:37:06.734] [io-thread-0] INFO  -> true
[2023-04-06 16:37:06.735] [io-thread-0] INFO  -> true
[2023-04-06 16:37:06.746] [io-thread-0] INFO  -> true
[2023-04-06 16:37:06.759] [io-thread-0] INFO  -> true
[2023-04-06 16:37:06.807] [io-thread-0] INFO  -> true
[2023-04-06 16:37:06.922] [io-thread-0] INFO  -> true
[2023-04-06 16:37:06.938] [io-thread-0] INFO  -> true
[2023-04-06 16:37:06.963] [io-thread-0] INFO  -> true
[2023-04-06 16:37:07.139] [io-thread-0] INFO  -> true
[2023-04-06 16:37:07.152] [io-thread-0] INFO  -> true
[2023-04-06 16:37:07.168] [io-thread-0] INFO  -> true
[2023-04-06 16:37:07.365] [io-thread-0] INFO  -> true
[2023-04-06 16:37:07.376] [io-thread-0] INFO  -> true
[2023-04-06 16:37:07.382] [io-thread-0] INFO  -> true
[2023-04-06 16:37:07.582] [io-thread-0] INFO  -> true
[2023-04-06 16:37:07.592] [io-thread-0] INFO  -> true
[2023-04-06 16:37:07.594] [io-thread-0] INFO  -> true
[2023-04-06 16:37:07.800] [io-thread-0] INFO  -> true
[2023-04-06 16:37:07.808] [io-thread-0] INFO  -> true
[2023-04-06 16:37:07.814] [io-thread-0] INFO  -> true
[2023-04-06 16:37:08.033] [io-thread-0] INFO  -> true
[2023-04-06 16:37:08.042] [io-thread-0] INFO  -> true
[2023-04-06 16:37:08.046] [io-thread-0] INFO  -> true
[2023-04-06 16:37:08.241] [io-thread-0] INFO  -> true
[2023-04-06 16:37:08.249] [io-thread-0] INFO  -> true
[2023-04-06 16:37:08.255] [io-thread-0] INFO  -> true
[2023-04-06 16:37:08.469] [io-thread-0] INFO  -> true
[2023-04-06 16:37:08.474] [io-thread-0] INFO  -> true
[2023-04-06 16:37:08.480] [io-thread-0] INFO  -> true
[2023-04-06 16:37:08.680] [io-thread-0] INFO  -> true
[2023-04-06 16:37:08.689] [io-thread-0] INFO  -> true
[2023-04-06 16:37:08.695] [io-thread-0] INFO  -> true
[2023-04-06 16:37:08.899] [io-thread-0] INFO  -> true
[2023-04-06 16:37:08.910] [io-thread-0] INFO  -> true
[2023-04-06 16:37:08.914] [io-thread-0] INFO  -> true
[2023-04-06 16:37:09.120] [io-thread-0] INFO  -> true
[2023-04-06 16:37:09.134] [io-thread-0] INFO  -> true
[2023-04-06 16:37:09.140] [io-thread-0] INFO  -> true
[2023-04-06 16:37:09.345] [io-thread-0] INFO  -> true
[2023-04-06 16:37:09.353] [io-thread-0] INFO  -> true
[2023-04-06 16:37:09.356] [io-thread-0] INFO  -> true
[2023-04-06 16:37:09.471] [ViewNode-Cluster-Timer] INFO  -> ViewNode-Cluster-leader节点响应超时，正在进行更新操作...
[2023-04-06 16:37:10.573] [io-thread-0] INFO  -> 成功更新ViewNode-Cluster-leader节点信息，位于/127.0.0.1:4000
[2023-04-06 16:41:50.207] [main] INFO  -> ViewNode-Cluster-leader节点响应超时，正在进行更新操作...
[2023-04-06 16:41:51.326] [io-thread-0] INFO  -> 成功更新ViewNode-Cluster-leader节点信息，位于/127.0.0.1:4001
[2023-04-06 16:41:51.457] [io-thread-1] INFO  -> true
[2023-04-06 16:41:51.481] [io-thread-1] INFO  -> true
[2023-04-06 16:41:51.507] [io-thread-1] INFO  -> true
[2023-04-06 16:41:51.681] [io-thread-1] INFO  -> true
[2023-04-06 16:41:51.709] [io-thread-1] INFO  -> true
[2023-04-06 16:41:51.721] [io-thread-1] INFO  -> true
[2023-04-06 16:41:51.836] [io-thread-1] INFO  -> true
[2023-04-06 16:41:51.848] [io-thread-1] INFO  -> true
[2023-04-06 16:41:51.864] [io-thread-1] INFO  -> true
[2023-04-06 16:41:52.056] [io-thread-1] INFO  -> true
[2023-04-06 16:41:52.075] [io-thread-1] INFO  -> true
[2023-04-06 16:41:52.086] [io-thread-1] INFO  -> true
[2023-04-06 16:41:52.290] [io-thread-1] INFO  -> true
[2023-04-06 16:41:52.303] [io-thread-1] INFO  -> true
[2023-04-06 16:41:52.309] [io-thread-1] INFO  -> true
[2023-04-06 16:41:52.503] [io-thread-1] INFO  -> true
[2023-04-06 16:41:52.510] [io-thread-1] INFO  -> true
[2023-04-06 16:41:52.516] [io-thread-1] INFO  -> true
[2023-04-06 16:41:52.719] [io-thread-1] INFO  -> true
[2023-04-06 16:41:52.730] [io-thread-1] INFO  -> true
[2023-04-06 16:41:52.733] [io-thread-1] INFO  -> true
[2023-04-06 16:41:52.936] [io-thread-1] INFO  -> true
[2023-04-06 16:41:52.945] [io-thread-1] INFO  -> true
[2023-04-06 16:41:52.949] [io-thread-1] INFO  -> true
[2023-04-06 16:41:53.154] [io-thread-1] INFO  -> true
[2023-04-06 16:41:53.163] [io-thread-1] INFO  -> true
[2023-04-06 16:41:53.167] [io-thread-1] INFO  -> true
[2023-04-06 16:41:53.377] [io-thread-1] INFO  -> true
[2023-04-06 16:41:53.383] [io-thread-1] INFO  -> true
[2023-04-06 16:41:53.385] [io-thread-1] INFO  -> true
[2023-04-06 16:41:53.603] [io-thread-1] INFO  -> true
[2023-04-06 16:41:53.611] [io-thread-1] INFO  -> true
[2023-04-06 16:41:53.614] [io-thread-1] INFO  -> true
[2023-04-06 16:41:53.814] [io-thread-1] INFO  -> true
[2023-04-06 16:41:53.824] [io-thread-1] INFO  -> true
[2023-04-06 16:41:53.827] [io-thread-1] INFO  -> true
[2023-04-06 16:41:54.038] [io-thread-1] INFO  -> true
[2023-04-06 16:41:54.043] [io-thread-1] INFO  -> true
[2023-04-06 16:41:54.048] [io-thread-1] INFO  -> true
[2023-04-06 16:41:54.254] [io-thread-1] INFO  -> true
[2023-04-06 16:41:54.261] [io-thread-1] INFO  -> true
[2023-04-06 16:41:54.265] [io-thread-1] INFO  -> true
[2023-04-06 16:41:54.388] [ViewNode-Cluster-Timer] INFO  -> ViewNode-Cluster-leader节点响应超时，正在进行更新操作...
[2023-04-06 16:41:55.487] [io-thread-1] INFO  -> 成功更新ViewNode-Cluster-leader节点信息，位于/127.0.0.1:4001
[2023-04-06 16:45:08.885] [main] INFO  -> ViewNode-Cluster-leader节点响应超时，正在进行更新操作...
[2023-04-06 16:45:09.981] [io-thread-0] INFO  -> 成功更新ViewNode-Cluster-leader节点信息，位于/127.0.0.1:4000
[2023-04-06 16:45:10.298] [io-thread-0] INFO  -> true
[2023-04-06 16:45:10.298] [io-thread-0] INFO  -> true
[2023-04-06 16:45:10.299] [io-thread-0] INFO  -> true
[2023-04-06 16:45:10.299] [io-thread-0] INFO  -> true
[2023-04-06 16:45:10.307] [io-thread-0] INFO  -> true
[2023-04-06 16:45:10.344] [io-thread-0] INFO  -> true
[2023-04-06 16:45:10.357] [io-thread-0] INFO  -> true
[2023-04-06 16:45:10.377] [io-thread-0] INFO  -> true
[2023-04-06 16:45:10.403] [io-thread-0] INFO  -> true
[2023-04-06 16:45:10.428] [io-thread-0] INFO  -> true
[2023-04-06 16:45:10.460] [io-thread-0] INFO  -> true
[2023-04-06 16:45:10.474] [io-thread-0] INFO  -> true
[2023-04-06 16:45:10.481] [io-thread-0] INFO  -> true
[2023-04-06 16:45:10.490] [io-thread-0] INFO  -> true
[2023-04-06 16:45:10.495] [io-thread-0] INFO  -> true
[2023-04-06 16:45:10.500] [io-thread-0] INFO  -> true
[2023-04-06 16:45:10.505] [io-thread-0] INFO  -> true
[2023-04-06 16:45:10.510] [io-thread-0] INFO  -> true
[2023-04-06 16:45:10.516] [io-thread-0] INFO  -> true
[2023-04-06 16:45:10.521] [io-thread-0] INFO  -> true
[2023-04-06 16:45:10.526] [io-thread-0] INFO  -> true
[2023-04-06 16:45:10.535] [io-thread-0] INFO  -> true
[2023-04-06 16:45:10.542] [io-thread-0] INFO  -> true
[2023-04-06 16:45:10.551] [io-thread-0] INFO  -> true
[2023-04-06 16:45:10.556] [io-thread-0] INFO  -> true
[2023-04-06 16:45:10.561] [io-thread-0] INFO  -> true
[2023-04-06 16:45:10.568] [io-thread-0] INFO  -> true
[2023-04-06 16:45:10.574] [io-thread-0] INFO  -> true
[2023-04-06 16:45:10.585] [io-thread-0] INFO  -> true
[2023-04-06 16:45:10.591] [io-thread-0] INFO  -> true
[2023-04-06 16:45:10.598] [io-thread-0] INFO  -> true
[2023-04-06 16:45:10.603] [io-thread-0] INFO  -> true
[2023-04-06 16:45:10.609] [io-thread-0] INFO  -> true
[2023-04-06 16:45:10.614] [io-thread-0] INFO  -> true
[2023-04-06 16:45:10.619] [io-thread-0] INFO  -> true
[2023-04-06 16:45:10.624] [io-thread-0] INFO  -> true
[2023-04-06 16:45:10.631] [io-thread-0] INFO  -> true
[2023-04-06 16:45:10.633] [io-thread-0] INFO  -> true
[2023-04-06 16:45:10.639] [io-thread-0] INFO  -> true
[2023-04-06 16:45:10.646] [io-thread-0] INFO  -> true
[2023-04-06 16:45:10.650] [io-thread-0] INFO  -> true
[2023-04-06 16:45:10.656] [io-thread-0] INFO  -> true
[2023-04-06 16:45:10.661] [io-thread-0] INFO  -> true
[2023-04-06 16:45:10.665] [io-thread-0] INFO  -> true
[2023-04-06 16:45:10.670] [io-thread-0] INFO  -> true
[2023-04-06 16:45:10.676] [io-thread-0] INFO  -> true
[2023-04-06 16:45:10.680] [io-thread-0] INFO  -> true
[2023-04-06 16:45:10.687] [io-thread-0] INFO  -> true
[2023-04-06 16:45:10.694] [io-thread-0] INFO  -> true
[2023-04-06 16:45:10.700] [io-thread-0] INFO  -> true
[2023-04-06 16:45:10.708] [io-thread-0] INFO  -> true
[2023-04-06 16:45:10.719] [io-thread-0] INFO  -> true
[2023-04-06 16:45:10.725] [io-thread-0] INFO  -> true
[2023-04-06 16:45:10.730] [io-thread-0] INFO  -> true
[2023-04-06 16:45:10.735] [io-thread-0] INFO  -> true
[2023-04-06 16:45:10.743] [io-thread-0] INFO  -> true
[2023-04-06 16:45:10.754] [io-thread-0] INFO  -> true
[2023-04-06 16:45:10.759] [io-thread-0] INFO  -> true
[2023-04-06 16:45:10.767] [io-thread-0] INFO  -> true
[2023-04-06 16:45:10.771] [io-thread-0] INFO  -> true
[2023-04-06 16:45:10.778] [io-thread-0] INFO  -> true
[2023-04-06 16:45:10.783] [io-thread-0] INFO  -> true
[2023-04-06 16:45:10.791] [io-thread-0] INFO  -> true
[2023-04-06 16:45:10.798] [io-thread-0] INFO  -> true
[2023-04-06 16:45:10.809] [io-thread-0] INFO  -> true
[2023-04-06 16:45:10.825] [io-thread-0] INFO  -> true
[2023-04-06 16:45:10.833] [io-thread-0] INFO  -> true
[2023-04-06 16:45:10.838] [io-thread-0] INFO  -> true
[2023-04-06 16:45:10.844] [io-thread-0] INFO  -> true
[2023-04-06 16:45:10.851] [io-thread-0] INFO  -> true
[2023-04-06 16:45:10.857] [io-thread-0] INFO  -> true
[2023-04-06 16:45:10.860] [io-thread-0] INFO  -> true
[2023-04-06 16:45:10.864] [io-thread-0] INFO  -> true
[2023-04-06 16:45:10.871] [io-thread-0] INFO  -> true
[2023-04-06 16:45:10.874] [io-thread-0] INFO  -> true
[2023-04-06 16:45:10.879] [io-thread-0] INFO  -> true
[2023-04-06 16:45:10.890] [io-thread-0] INFO  -> true
[2023-04-06 16:45:10.896] [io-thread-0] INFO  -> true
[2023-04-06 16:45:10.901] [io-thread-0] INFO  -> true
[2023-04-06 16:45:10.905] [io-thread-0] INFO  -> true
[2023-04-06 16:45:10.909] [io-thread-0] INFO  -> true
[2023-04-06 16:45:10.918] [io-thread-0] INFO  -> true
[2023-04-06 16:45:10.921] [io-thread-0] INFO  -> true
[2023-04-06 16:45:10.924] [io-thread-0] INFO  -> true
[2023-04-06 16:45:10.931] [io-thread-0] INFO  -> true
[2023-04-06 16:45:10.935] [io-thread-0] INFO  -> true
[2023-04-06 16:45:10.939] [io-thread-0] INFO  -> true
[2023-04-06 16:45:10.944] [io-thread-0] INFO  -> true
[2023-04-06 16:45:10.950] [io-thread-0] INFO  -> true
[2023-04-06 16:45:10.955] [io-thread-0] INFO  -> true
[2023-04-06 16:45:10.962] [io-thread-0] INFO  -> true
[2023-04-06 16:45:10.965] [io-thread-0] INFO  -> true
[2023-04-06 16:45:10.968] [io-thread-0] INFO  -> true
[2023-04-06 16:45:10.975] [io-thread-0] INFO  -> true
[2023-04-06 16:45:10.979] [io-thread-0] INFO  -> true
[2023-04-06 16:45:10.982] [io-thread-0] INFO  -> true
[2023-04-06 16:45:10.988] [io-thread-0] INFO  -> true
[2023-04-06 16:45:10.993] [io-thread-0] INFO  -> true
[2023-04-06 16:45:10.995] [io-thread-0] INFO  -> true
[2023-04-06 16:45:10.998] [io-thread-0] INFO  -> true
[2023-04-06 16:45:11.007] [io-thread-0] INFO  -> true
[2023-04-06 16:45:11.013] [io-thread-0] INFO  -> true
[2023-04-06 16:45:11.016] [io-thread-0] INFO  -> true
[2023-04-06 16:45:11.023] [io-thread-0] INFO  -> true
[2023-04-06 16:45:11.027] [io-thread-0] INFO  -> true
[2023-04-06 16:45:11.035] [io-thread-0] INFO  -> true
[2023-04-06 16:45:11.043] [io-thread-0] INFO  -> true
[2023-04-06 16:45:11.053] [io-thread-0] INFO  -> true
[2023-04-06 16:45:11.061] [io-thread-0] INFO  -> true
[2023-04-06 16:45:11.070] [io-thread-0] INFO  -> true
[2023-04-06 16:45:11.077] [io-thread-0] INFO  -> true
[2023-04-06 16:45:11.083] [io-thread-0] INFO  -> true
[2023-04-06 16:45:11.091] [io-thread-0] INFO  -> true
[2023-04-06 16:45:11.100] [io-thread-0] INFO  -> true
[2023-04-06 16:45:11.106] [io-thread-0] INFO  -> true
[2023-04-06 16:45:11.111] [io-thread-0] INFO  -> true
[2023-04-06 16:45:11.118] [io-thread-0] INFO  -> true
[2023-04-06 16:45:11.124] [io-thread-0] INFO  -> true
[2023-04-06 16:45:11.130] [io-thread-0] INFO  -> true
[2023-04-06 16:45:11.139] [io-thread-0] INFO  -> true
[2023-04-06 16:45:11.144] [io-thread-0] INFO  -> true
[2023-04-06 16:45:11.151] [io-thread-0] INFO  -> true
[2023-04-06 16:45:11.158] [io-thread-0] INFO  -> true
[2023-04-06 16:45:11.167] [io-thread-0] INFO  -> true
[2023-04-06 16:45:11.173] [io-thread-0] INFO  -> true
[2023-04-06 16:45:11.180] [io-thread-0] INFO  -> true
[2023-04-06 16:45:11.188] [io-thread-0] INFO  -> true
[2023-04-06 16:45:11.194] [io-thread-0] INFO  -> true
[2023-04-06 16:45:11.199] [io-thread-0] INFO  -> true
[2023-04-06 16:45:11.209] [io-thread-0] INFO  -> true
[2023-04-06 16:45:11.214] [io-thread-0] INFO  -> true
[2023-04-06 16:45:11.222] [io-thread-0] INFO  -> true
[2023-04-06 16:45:11.230] [io-thread-0] INFO  -> true
[2023-04-06 16:45:11.242] [io-thread-0] INFO  -> true
[2023-04-06 16:45:11.245] [io-thread-0] INFO  -> true
[2023-04-06 16:45:11.250] [io-thread-0] INFO  -> true
[2023-04-06 16:45:11.254] [io-thread-0] INFO  -> true
[2023-04-06 16:45:11.258] [io-thread-0] INFO  -> true
[2023-04-06 16:45:11.262] [io-thread-0] INFO  -> true
[2023-04-06 16:45:11.269] [io-thread-0] INFO  -> true
[2023-04-06 16:45:11.273] [io-thread-0] INFO  -> true
[2023-04-06 16:45:11.276] [io-thread-0] INFO  -> true
[2023-04-06 16:45:11.280] [io-thread-0] INFO  -> true
[2023-04-06 16:45:11.283] [io-thread-0] INFO  -> true
[2023-04-06 16:45:11.286] [io-thread-0] INFO  -> true
[2023-04-06 16:45:11.288] [io-thread-0] INFO  -> true
[2023-04-06 16:45:11.295] [io-thread-0] INFO  -> true
[2023-04-06 16:45:11.298] [io-thread-0] INFO  -> true
[2023-04-06 16:45:11.301] [io-thread-0] INFO  -> true
[2023-04-06 16:45:11.303] [io-thread-0] INFO  -> true
[2023-04-06 16:45:11.308] [io-thread-0] INFO  -> true
[2023-04-06 16:45:11.311] [io-thread-0] INFO  -> true
[2023-04-06 16:45:11.315] [io-thread-0] INFO  -> true
[2023-04-06 16:45:11.318] [io-thread-0] INFO  -> true
[2023-04-06 16:45:11.320] [io-thread-0] INFO  -> true
[2023-04-06 16:45:11.333] [io-thread-0] INFO  -> true
[2023-04-06 16:45:11.337] [io-thread-0] INFO  -> true
[2023-04-06 16:45:11.341] [io-thread-0] INFO  -> true
[2023-04-06 16:45:11.346] [io-thread-0] INFO  -> true
[2023-04-06 16:45:11.351] [io-thread-0] INFO  -> true
[2023-04-06 16:45:11.356] [io-thread-0] INFO  -> true
[2023-04-06 16:45:11.364] [io-thread-0] INFO  -> true
[2023-04-06 16:45:11.368] [io-thread-0] INFO  -> true
[2023-04-06 16:45:11.372] [io-thread-0] INFO  -> true
[2023-04-06 16:45:11.376] [io-thread-0] INFO  -> true
[2023-04-06 16:45:11.384] [io-thread-0] INFO  -> true
[2023-04-06 16:45:11.391] [io-thread-0] INFO  -> true
[2023-04-06 16:45:11.395] [io-thread-0] INFO  -> true
[2023-04-06 16:45:11.401] [io-thread-0] INFO  -> true
[2023-04-06 16:45:11.406] [io-thread-0] INFO  -> true
[2023-04-06 16:45:11.410] [io-thread-0] INFO  -> true
[2023-04-06 16:45:11.416] [io-thread-0] INFO  -> true
[2023-04-06 16:45:11.421] [io-thread-0] INFO  -> true
[2023-04-06 16:45:11.424] [io-thread-0] INFO  -> true
[2023-04-06 16:45:11.429] [io-thread-0] INFO  -> true
[2023-04-06 16:45:11.434] [io-thread-0] INFO  -> true
[2023-04-06 16:45:11.439] [io-thread-0] INFO  -> true
[2023-04-06 16:45:11.443] [io-thread-0] INFO  -> true
[2023-04-06 16:45:11.447] [io-thread-0] INFO  -> true
[2023-04-06 16:45:11.453] [io-thread-0] INFO  -> true
[2023-04-06 16:45:11.455] [io-thread-0] INFO  -> true
[2023-04-06 16:45:11.458] [io-thread-0] INFO  -> true
[2023-04-06 16:45:11.464] [io-thread-0] INFO  -> true
[2023-04-06 16:45:11.467] [io-thread-0] INFO  -> true
[2023-04-06 16:45:11.471] [io-thread-0] INFO  -> true
[2023-04-06 16:45:11.476] [io-thread-0] INFO  -> true
[2023-04-06 16:45:11.481] [io-thread-0] INFO  -> true
[2023-04-06 16:45:11.485] [io-thread-0] INFO  -> true
[2023-04-06 16:45:11.487] [io-thread-0] INFO  -> true
[2023-04-06 16:45:11.490] [io-thread-0] INFO  -> true
[2023-04-06 16:45:11.497] [io-thread-0] INFO  -> true
[2023-04-06 16:45:11.501] [io-thread-0] INFO  -> true
[2023-04-06 16:45:11.508] [io-thread-0] INFO  -> true
[2023-04-06 16:45:11.511] [io-thread-0] INFO  -> true
[2023-04-06 16:45:11.515] [io-thread-0] INFO  -> true
[2023-04-06 16:45:11.518] [io-thread-0] INFO  -> true
[2023-04-06 16:45:11.523] [io-thread-0] INFO  -> true
[2023-04-06 16:45:11.529] [io-thread-0] INFO  -> true
[2023-04-06 16:45:11.532] [io-thread-0] INFO  -> true
[2023-04-06 16:45:11.539] [io-thread-0] INFO  -> true
[2023-04-06 16:45:11.543] [io-thread-0] INFO  -> true
[2023-04-06 16:45:11.549] [io-thread-0] INFO  -> true
[2023-04-06 16:45:11.557] [io-thread-0] INFO  -> true
[2023-04-06 16:45:11.562] [io-thread-0] INFO  -> true
[2023-04-06 16:45:11.566] [io-thread-0] INFO  -> true
[2023-04-06 16:45:11.570] [io-thread-0] INFO  -> true
[2023-04-06 16:45:11.574] [io-thread-0] INFO  -> true
[2023-04-06 16:45:11.577] [io-thread-0] INFO  -> true
[2023-04-06 16:45:11.579] [io-thread-0] INFO  -> true
[2023-04-06 16:45:11.584] [io-thread-0] INFO  -> true
[2023-04-06 16:45:11.589] [io-thread-0] INFO  -> true
[2023-04-06 16:45:11.591] [io-thread-0] INFO  -> true
[2023-04-06 16:45:11.594] [io-thread-0] INFO  -> true
[2023-04-06 16:45:11.598] [io-thread-0] INFO  -> true
[2023-04-06 16:45:11.603] [io-thread-0] INFO  -> true
[2023-04-06 16:45:11.606] [io-thread-0] INFO  -> true
[2023-04-06 16:45:11.609] [io-thread-0] INFO  -> true
[2023-04-06 16:45:11.615] [io-thread-0] INFO  -> true
[2023-04-06 16:45:11.620] [io-thread-0] INFO  -> true
[2023-04-06 16:45:11.623] [io-thread-0] INFO  -> true
[2023-04-06 16:45:11.635] [io-thread-0] INFO  -> true
[2023-04-06 16:45:11.640] [io-thread-0] INFO  -> true
[2023-04-06 16:45:11.645] [io-thread-0] INFO  -> true
[2023-04-06 16:45:11.655] [io-thread-0] INFO  -> true
[2023-04-06 16:45:11.666] [io-thread-0] INFO  -> true
[2023-04-06 16:45:11.669] [io-thread-0] INFO  -> true
[2023-04-06 16:45:11.673] [io-thread-0] INFO  -> true
[2023-04-06 16:45:11.677] [io-thread-0] INFO  -> true
[2023-04-06 16:45:11.681] [io-thread-0] INFO  -> true
[2023-04-06 16:45:11.684] [io-thread-0] INFO  -> true
[2023-04-06 16:45:11.690] [io-thread-0] INFO  -> true
[2023-04-06 16:45:11.698] [io-thread-0] INFO  -> true
[2023-04-06 16:45:11.703] [io-thread-0] INFO  -> true
[2023-04-06 16:45:11.707] [io-thread-0] INFO  -> true
[2023-04-06 16:45:11.711] [io-thread-0] INFO  -> true
[2023-04-06 16:45:11.715] [io-thread-0] INFO  -> true
[2023-04-06 16:45:11.723] [io-thread-0] INFO  -> true
[2023-04-06 16:45:11.728] [io-thread-0] INFO  -> true
[2023-04-06 16:45:11.732] [io-thread-0] INFO  -> true
[2023-04-06 16:45:11.738] [io-thread-0] INFO  -> true
[2023-04-06 16:45:11.743] [io-thread-0] INFO  -> true
[2023-04-06 16:45:11.747] [io-thread-0] INFO  -> true
[2023-04-06 16:45:11.752] [io-thread-0] INFO  -> true
[2023-04-06 16:45:11.759] [io-thread-0] INFO  -> true
[2023-04-06 16:45:11.763] [io-thread-0] INFO  -> true
[2023-04-06 16:45:11.770] [io-thread-0] INFO  -> true
[2023-04-06 16:45:11.776] [io-thread-0] INFO  -> true
[2023-04-06 16:45:11.781] [io-thread-0] INFO  -> true
[2023-04-06 16:45:11.786] [io-thread-0] INFO  -> true
[2023-04-06 16:45:11.790] [io-thread-0] INFO  -> true
[2023-04-06 16:45:11.794] [io-thread-0] INFO  -> true
[2023-04-06 16:45:11.798] [io-thread-0] INFO  -> true
[2023-04-06 16:45:11.805] [io-thread-0] INFO  -> true
[2023-04-06 16:45:11.808] [io-thread-0] INFO  -> true
[2023-04-06 16:45:11.812] [io-thread-0] INFO  -> true
[2023-04-06 16:45:11.817] [io-thread-0] INFO  -> true
[2023-04-06 16:45:11.821] [io-thread-0] INFO  -> true
[2023-04-06 16:45:11.825] [io-thread-0] INFO  -> true
[2023-04-06 16:45:11.833] [io-thread-0] INFO  -> true
[2023-04-06 16:45:11.836] [io-thread-0] INFO  -> true
[2023-04-06 16:45:11.839] [io-thread-0] INFO  -> true
[2023-04-06 16:45:11.845] [io-thread-0] INFO  -> true
[2023-04-06 16:45:11.850] [io-thread-0] INFO  -> true
[2023-04-06 16:45:11.855] [io-thread-0] INFO  -> true
[2023-04-06 16:45:11.861] [io-thread-0] INFO  -> true
[2023-04-06 16:45:11.865] [io-thread-0] INFO  -> true
[2023-04-06 16:45:11.869] [io-thread-0] INFO  -> true
[2023-04-06 16:45:11.874] [io-thread-0] INFO  -> true
[2023-04-06 16:45:11.877] [io-thread-0] INFO  -> true
[2023-04-06 16:45:11.881] [io-thread-0] INFO  -> true
[2023-04-06 16:45:11.883] [io-thread-0] INFO  -> true
[2023-04-06 16:45:11.888] [io-thread-0] INFO  -> true
[2023-04-06 16:45:11.892] [io-thread-0] INFO  -> true
[2023-04-06 16:45:11.898] [io-thread-0] INFO  -> true
[2023-04-06 16:45:11.905] [io-thread-0] INFO  -> true
[2023-04-06 16:45:11.909] [io-thread-0] INFO  -> true
[2023-04-06 16:45:11.912] [io-thread-0] INFO  -> true
[2023-04-06 16:45:11.914] [io-thread-0] INFO  -> true
[2023-04-06 16:45:11.919] [io-thread-0] INFO  -> true
[2023-04-06 16:45:11.925] [io-thread-0] INFO  -> true
[2023-04-06 16:45:11.928] [io-thread-0] INFO  -> true
[2023-04-06 16:45:11.933] [io-thread-0] INFO  -> true
[2023-04-06 16:45:11.939] [io-thread-0] INFO  -> true
[2023-04-06 16:45:11.942] [io-thread-0] INFO  -> true
[2023-04-06 16:45:11.946] [io-thread-0] INFO  -> true
[2023-04-06 16:45:11.957] [io-thread-0] INFO  -> true
[2023-04-06 16:45:11.961] [io-thread-0] INFO  -> true
[2023-04-06 16:45:11.966] [io-thread-0] INFO  -> true
[2023-04-06 16:45:11.971] [io-thread-0] INFO  -> true
[2023-04-06 16:45:11.974] [io-thread-0] INFO  -> true
[2023-04-06 16:45:11.977] [io-thread-0] INFO  -> true
[2023-04-06 16:45:11.983] [io-thread-0] INFO  -> true
[2023-04-06 16:45:11.990] [io-thread-0] INFO  -> true
[2023-04-06 16:45:11.996] [io-thread-0] INFO  -> true
[2023-04-06 16:45:12.001] [io-thread-0] INFO  -> true
[2023-04-06 16:45:12.005] [io-thread-0] INFO  -> true
[2023-04-06 16:45:12.010] [io-thread-0] INFO  -> true
[2023-04-06 16:45:12.017] [io-thread-0] INFO  -> true
[2023-04-06 16:45:12.021] [io-thread-0] INFO  -> true
[2023-04-06 16:45:12.026] [io-thread-0] INFO  -> true
[2023-04-06 16:45:12.032] [io-thread-0] INFO  -> true
[2023-04-06 16:45:12.034] [io-thread-0] INFO  -> true
[2023-04-06 16:45:12.040] [io-thread-0] INFO  -> true
[2023-04-06 16:45:12.046] [io-thread-0] INFO  -> true
[2023-04-06 16:45:12.050] [io-thread-0] INFO  -> true
[2023-04-06 16:45:12.055] [io-thread-0] INFO  -> true
[2023-04-06 16:45:12.061] [io-thread-0] INFO  -> true
[2023-04-06 16:45:12.063] [io-thread-0] INFO  -> true
[2023-04-06 16:45:12.066] [io-thread-0] INFO  -> true
[2023-04-06 16:45:12.069] [io-thread-0] INFO  -> true
[2023-04-06 16:45:12.074] [io-thread-0] INFO  -> true
[2023-04-06 16:45:12.077] [io-thread-0] INFO  -> true
[2023-04-06 16:45:12.080] [io-thread-0] INFO  -> true
[2023-04-06 16:45:12.082] [io-thread-0] INFO  -> true
[2023-04-06 16:45:12.088] [io-thread-0] INFO  -> true
[2023-04-06 16:45:12.091] [io-thread-0] INFO  -> true
[2023-04-06 16:45:12.093] [io-thread-0] INFO  -> true
[2023-04-06 16:45:12.095] [io-thread-0] INFO  -> true
[2023-04-06 16:45:12.099] [io-thread-0] INFO  -> true
[2023-04-06 16:45:12.106] [io-thread-0] INFO  -> true
[2023-04-06 16:45:12.109] [io-thread-0] INFO  -> true
[2023-04-06 16:45:12.112] [io-thread-0] INFO  -> true
[2023-04-06 16:45:12.116] [io-thread-0] INFO  -> true
[2023-04-06 16:45:12.122] [io-thread-0] INFO  -> true
[2023-04-06 16:45:12.124] [io-thread-0] INFO  -> true
[2023-04-06 16:45:12.126] [io-thread-0] INFO  -> true
[2023-04-06 16:45:12.131] [io-thread-0] INFO  -> true
[2023-04-06 16:45:12.137] [io-thread-0] INFO  -> true
[2023-04-06 16:45:12.140] [io-thread-0] INFO  -> true
[2023-04-06 16:45:12.144] [io-thread-0] INFO  -> true
[2023-04-06 16:45:12.151] [io-thread-0] INFO  -> true
[2023-04-06 16:45:12.154] [io-thread-0] INFO  -> true
[2023-04-06 16:45:12.156] [io-thread-0] INFO  -> true
[2023-04-06 16:45:12.159] [io-thread-0] INFO  -> true
[2023-04-06 16:45:12.164] [io-thread-0] INFO  -> true
[2023-04-06 16:45:12.167] [io-thread-0] INFO  -> true
[2023-04-06 16:45:12.170] [io-thread-0] INFO  -> true
[2023-04-06 16:45:12.172] [io-thread-0] INFO  -> true
[2023-04-06 16:45:12.177] [io-thread-0] INFO  -> true
[2023-04-06 16:45:12.182] [io-thread-0] INFO  -> true
[2023-04-06 16:45:12.184] [io-thread-0] INFO  -> true
[2023-04-06 16:45:12.192] [io-thread-0] INFO  -> true
[2023-04-06 16:45:12.198] [io-thread-0] INFO  -> true
[2023-04-06 16:45:12.200] [io-thread-0] INFO  -> true
[2023-04-06 16:45:12.203] [io-thread-0] INFO  -> true
[2023-04-06 16:45:12.206] [io-thread-0] INFO  -> true
[2023-04-06 16:45:12.210] [io-thread-0] INFO  -> true
[2023-04-06 16:45:12.213] [io-thread-0] INFO  -> true
[2023-04-06 16:45:12.215] [io-thread-0] INFO  -> true
[2023-04-06 16:45:12.218] [io-thread-0] INFO  -> true
[2023-04-06 16:45:12.223] [io-thread-0] INFO  -> true
[2023-04-06 16:45:12.227] [io-thread-0] INFO  -> true
[2023-04-06 16:45:12.230] [io-thread-0] INFO  -> true
[2023-04-06 16:45:12.233] [io-thread-0] INFO  -> true
[2023-04-06 16:45:12.240] [io-thread-0] INFO  -> true
[2023-04-06 16:45:12.244] [io-thread-0] INFO  -> true
[2023-04-06 16:45:12.247] [io-thread-0] INFO  -> true
[2023-04-06 16:45:12.250] [io-thread-0] INFO  -> true
[2023-04-06 16:45:12.255] [io-thread-0] INFO  -> true
[2023-04-06 16:45:12.260] [io-thread-0] INFO  -> true
[2023-04-06 16:45:12.262] [io-thread-0] INFO  -> true
[2023-04-06 16:45:12.265] [io-thread-0] INFO  -> true
[2023-04-06 16:45:12.274] [io-thread-0] INFO  -> true
[2023-04-06 16:45:12.277] [io-thread-0] INFO  -> true
[2023-04-06 16:45:12.281] [io-thread-0] INFO  -> true
[2023-04-06 16:45:12.285] [io-thread-0] INFO  -> true
[2023-04-06 16:45:12.291] [io-thread-0] INFO  -> true
[2023-04-06 16:45:12.294] [io-thread-0] INFO  -> true
[2023-04-06 16:45:12.304] [io-thread-0] INFO  -> true
[2023-04-06 16:45:12.307] [io-thread-0] INFO  -> true
[2023-04-06 16:45:12.311] [io-thread-0] INFO  -> true
[2023-04-06 16:45:12.317] [io-thread-0] INFO  -> true
[2023-04-06 16:45:12.320] [io-thread-0] INFO  -> true
[2023-04-06 16:45:12.323] [io-thread-0] INFO  -> true
[2023-04-06 16:45:12.326] [io-thread-0] INFO  -> true
[2023-04-06 16:45:12.332] [io-thread-0] INFO  -> true
[2023-04-06 16:45:12.339] [io-thread-0] INFO  -> true
[2023-04-06 16:45:12.344] [io-thread-0] INFO  -> true
[2023-04-06 16:45:12.353] [io-thread-0] INFO  -> true
[2023-04-06 16:45:12.356] [io-thread-0] INFO  -> true
[2023-04-06 16:45:12.363] [io-thread-0] INFO  -> true
[2023-04-06 16:45:12.366] [io-thread-0] INFO  -> true
[2023-04-06 16:45:12.369] [io-thread-0] INFO  -> true
[2023-04-06 16:45:12.375] [io-thread-0] INFO  -> true
[2023-04-06 16:45:12.382] [io-thread-0] INFO  -> true
[2023-04-06 16:45:12.384] [io-thread-0] INFO  -> true
[2023-04-06 16:45:12.386] [io-thread-0] INFO  -> true
[2023-04-06 16:45:12.391] [io-thread-0] INFO  -> true
[2023-04-06 16:45:12.396] [io-thread-0] INFO  -> true
[2023-04-06 16:45:12.398] [io-thread-0] INFO  -> true
[2023-04-06 16:45:12.401] [io-thread-0] INFO  -> true
[2023-04-06 16:45:12.406] [io-thread-0] INFO  -> true
[2023-04-06 16:45:12.410] [io-thread-0] INFO  -> true
[2023-04-06 16:45:12.412] [io-thread-0] INFO  -> true
[2023-04-06 16:45:12.414] [io-thread-0] INFO  -> true
[2023-04-06 16:45:12.417] [io-thread-0] INFO  -> true
[2023-04-06 16:45:12.419] [io-thread-0] INFO  -> true
[2023-04-06 16:45:12.426] [io-thread-0] INFO  -> true
[2023-04-06 16:45:12.429] [io-thread-0] INFO  -> true
[2023-04-06 16:45:12.432] [io-thread-0] INFO  -> true
[2023-04-06 16:45:12.435] [io-thread-0] INFO  -> true
[2023-04-06 16:45:12.441] [io-thread-0] INFO  -> true
[2023-04-06 16:45:12.444] [io-thread-0] INFO  -> true
[2023-04-06 16:45:12.447] [io-thread-0] INFO  -> true
[2023-04-06 16:45:12.453] [io-thread-0] INFO  -> true
[2023-04-06 16:45:12.457] [io-thread-0] INFO  -> true
[2023-04-06 16:45:12.461] [io-thread-0] INFO  -> true
[2023-04-06 16:45:12.463] [io-thread-0] INFO  -> true
[2023-04-06 16:45:12.469] [io-thread-0] INFO  -> true
[2023-04-06 16:45:12.474] [io-thread-0] INFO  -> true
[2023-04-06 16:45:12.476] [io-thread-0] INFO  -> true
[2023-04-06 16:45:12.483] [io-thread-0] INFO  -> true
[2023-04-06 16:45:12.489] [io-thread-0] INFO  -> true
[2023-04-06 16:45:12.492] [io-thread-0] INFO  -> true
[2023-04-06 16:45:12.497] [io-thread-0] INFO  -> true
[2023-04-06 16:45:12.504] [io-thread-0] INFO  -> true
[2023-04-06 16:45:12.507] [io-thread-0] INFO  -> true
[2023-04-06 16:45:12.512] [io-thread-0] INFO  -> true
[2023-04-06 16:45:12.518] [io-thread-0] INFO  -> true
[2023-04-06 16:45:12.521] [io-thread-0] INFO  -> true
[2023-04-06 16:45:12.524] [io-thread-0] INFO  -> true
[2023-04-06 16:45:12.528] [io-thread-0] INFO  -> true
[2023-04-06 16:45:12.532] [io-thread-0] INFO  -> true
[2023-04-06 16:45:12.535] [io-thread-0] INFO  -> true
[2023-04-06 16:45:12.537] [io-thread-0] INFO  -> true
[2023-04-06 16:45:12.541] [io-thread-0] INFO  -> true
[2023-04-06 16:45:12.547] [io-thread-0] INFO  -> true
[2023-04-06 16:45:12.552] [io-thread-0] INFO  -> true
[2023-04-06 16:45:12.555] [io-thread-0] INFO  -> true
[2023-04-06 16:45:12.559] [io-thread-0] INFO  -> true
[2023-04-06 16:45:12.565] [io-thread-0] INFO  -> true
[2023-04-06 16:45:12.568] [io-thread-0] INFO  -> true
[2023-04-06 16:45:12.570] [io-thread-0] INFO  -> true
[2023-04-06 16:45:12.575] [io-thread-0] INFO  -> true
[2023-04-06 16:45:12.581] [io-thread-0] INFO  -> true
[2023-04-06 16:45:12.584] [io-thread-0] INFO  -> true
[2023-04-06 16:45:12.591] [io-thread-0] INFO  -> true
[2023-04-06 16:45:12.597] [io-thread-0] INFO  -> true
[2023-04-06 16:45:12.600] [io-thread-0] INFO  -> true
[2023-04-06 16:45:12.606] [io-thread-0] INFO  -> true
[2023-04-06 16:45:12.610] [io-thread-0] INFO  -> true
[2023-04-06 16:45:12.612] [io-thread-0] INFO  -> true
[2023-04-06 16:45:12.616] [io-thread-0] INFO  -> true
[2023-04-06 16:45:12.622] [io-thread-0] INFO  -> true
[2023-04-06 16:45:12.627] [io-thread-0] INFO  -> true
[2023-04-06 16:45:12.631] [io-thread-0] INFO  -> true
[2023-04-06 16:45:12.639] [io-thread-0] INFO  -> true
[2023-04-06 16:45:12.642] [io-thread-0] INFO  -> true
[2023-04-06 16:45:12.644] [io-thread-0] INFO  -> true
[2023-04-06 16:45:12.648] [io-thread-0] INFO  -> true
[2023-04-06 16:45:12.651] [io-thread-0] INFO  -> true
[2023-04-06 16:45:12.656] [io-thread-0] INFO  -> true
[2023-04-06 16:45:12.659] [io-thread-0] INFO  -> true
[2023-04-06 16:45:12.663] [io-thread-0] INFO  -> true
[2023-04-06 16:45:12.671] [io-thread-0] INFO  -> true
[2023-04-06 16:45:12.673] [io-thread-0] INFO  -> true
[2023-04-06 16:45:12.676] [io-thread-0] INFO  -> true
[2023-04-06 16:45:12.682] [io-thread-0] INFO  -> true
[2023-04-06 16:45:12.686] [io-thread-0] INFO  -> true
[2023-04-06 16:45:12.688] [io-thread-0] INFO  -> true
[2023-04-06 16:45:12.696] [io-thread-0] INFO  -> true
[2023-04-06 16:45:12.700] [io-thread-0] INFO  -> true
[2023-04-06 16:45:12.704] [io-thread-0] INFO  -> true
[2023-04-06 16:45:12.710] [io-thread-0] INFO  -> true
[2023-04-06 16:45:12.714] [io-thread-0] INFO  -> true
[2023-04-06 16:45:12.717] [io-thread-0] INFO  -> true
[2023-04-06 16:45:12.720] [io-thread-0] INFO  -> true
[2023-04-06 16:45:12.726] [io-thread-0] INFO  -> true
[2023-04-06 16:45:12.732] [io-thread-0] INFO  -> true
[2023-04-06 16:45:12.736] [io-thread-0] INFO  -> true
[2023-04-06 16:45:12.745] [io-thread-0] INFO  -> true
[2023-04-06 16:45:12.751] [io-thread-0] INFO  -> true
[2023-04-06 16:45:12.758] [io-thread-0] INFO  -> true
[2023-04-06 16:45:12.765] [io-thread-0] INFO  -> true
[2023-04-06 16:45:12.775] [io-thread-0] INFO  -> true
[2023-04-06 16:45:12.779] [io-thread-0] INFO  -> true
[2023-04-06 16:45:12.784] [io-thread-0] INFO  -> true
[2023-04-06 16:45:12.789] [io-thread-0] INFO  -> true
[2023-04-06 16:45:12.793] [io-thread-0] INFO  -> true
[2023-04-06 16:45:12.797] [io-thread-0] INFO  -> true
[2023-04-06 16:45:12.802] [io-thread-0] INFO  -> true
[2023-04-06 16:45:12.808] [io-thread-0] INFO  -> true
[2023-04-06 16:45:12.811] [io-thread-0] INFO  -> true
[2023-04-06 16:45:12.819] [io-thread-0] INFO  -> true
[2023-04-06 16:45:12.823] [io-thread-0] INFO  -> true
[2023-04-06 16:45:12.827] [io-thread-0] INFO  -> true
[2023-04-06 16:45:12.832] [io-thread-0] INFO  -> true
[2023-04-06 16:45:12.839] [io-thread-0] INFO  -> true
[2023-04-06 16:45:12.841] [io-thread-0] INFO  -> true
[2023-04-06 16:45:12.846] [io-thread-0] INFO  -> true
[2023-04-06 16:45:12.852] [io-thread-0] INFO  -> true
[2023-04-06 16:45:12.856] [io-thread-0] INFO  -> true
[2023-04-06 16:45:12.861] [io-thread-0] INFO  -> true
[2023-04-06 16:45:12.865] [io-thread-0] INFO  -> true
[2023-04-06 16:45:12.868] [io-thread-0] INFO  -> true
[2023-04-06 16:45:12.873] [io-thread-0] INFO  -> true
[2023-04-06 16:45:12.881] [io-thread-0] INFO  -> true
[2023-04-06 16:45:12.883] [io-thread-0] INFO  -> true
[2023-04-06 16:45:12.886] [io-thread-0] INFO  -> true
[2023-04-06 16:45:12.889] [io-thread-0] INFO  -> true
[2023-04-06 16:45:12.896] [io-thread-0] INFO  -> true
[2023-04-06 16:45:12.899] [io-thread-0] INFO  -> true
[2023-04-06 16:45:12.902] [io-thread-0] INFO  -> true
[2023-04-06 16:45:12.906] [io-thread-0] INFO  -> true
[2023-04-06 16:45:12.912] [io-thread-0] INFO  -> true
[2023-04-06 16:45:12.914] [io-thread-0] INFO  -> true
[2023-04-06 16:45:12.917] [io-thread-0] INFO  -> true
[2023-04-06 16:45:12.922] [io-thread-0] INFO  -> true
[2023-04-06 16:45:12.926] [io-thread-0] INFO  -> true
[2023-04-06 16:45:12.929] [io-thread-0] INFO  -> true
[2023-04-06 16:45:12.931] [io-thread-0] INFO  -> true
[2023-04-06 16:45:12.934] [io-thread-0] INFO  -> true
[2023-04-06 16:45:12.940] [io-thread-0] INFO  -> true
[2023-04-06 16:45:12.943] [io-thread-0] INFO  -> true
[2023-04-06 16:45:12.945] [io-thread-0] INFO  -> true
[2023-04-06 16:45:12.948] [io-thread-0] INFO  -> true
[2023-04-06 16:45:12.953] [io-thread-0] INFO  -> true
[2023-04-06 16:45:12.958] [io-thread-0] INFO  -> true
[2023-04-06 16:45:12.960] [io-thread-0] INFO  -> true
[2023-04-06 16:45:12.962] [io-thread-0] INFO  -> true
[2023-04-06 16:45:12.965] [io-thread-0] INFO  -> true
[2023-04-06 16:45:12.973] [io-thread-0] INFO  -> true
[2023-04-06 16:45:12.974] [io-thread-0] INFO  -> true
[2023-04-06 16:45:12.977] [io-thread-0] INFO  -> true
[2023-04-06 16:45:12.979] [io-thread-0] INFO  -> true
[2023-04-06 16:45:12.983] [io-thread-0] INFO  -> true
[2023-04-06 16:45:12.988] [io-thread-0] INFO  -> true
[2023-04-06 16:45:12.990] [io-thread-0] INFO  -> true
[2023-04-06 16:45:12.992] [io-thread-0] INFO  -> true
[2023-04-06 16:45:12.994] [io-thread-0] INFO  -> true
[2023-04-06 16:45:12.999] [io-thread-0] INFO  -> true
[2023-04-06 16:45:13.003] [io-thread-0] INFO  -> true
[2023-04-06 16:45:13.004] [io-thread-0] INFO  -> true
[2023-04-06 16:45:13.007] [io-thread-0] INFO  -> true
[2023-04-06 16:45:13.009] [io-thread-0] INFO  -> true
[2023-04-06 16:45:13.016] [io-thread-0] INFO  -> true
[2023-04-06 16:45:13.019] [io-thread-0] INFO  -> true
[2023-04-06 16:45:13.021] [io-thread-0] INFO  -> true
[2023-04-06 16:45:13.024] [io-thread-0] INFO  -> true
[2023-04-06 16:45:13.026] [io-thread-0] INFO  -> true
[2023-04-06 16:45:13.032] [io-thread-0] INFO  -> true
[2023-04-06 16:45:13.036] [io-thread-0] INFO  -> true
[2023-04-06 16:45:13.038] [io-thread-0] INFO  -> true
[2023-04-06 16:45:13.042] [io-thread-0] INFO  -> true
[2023-04-06 16:45:13.046] [ViewNode-Cluster-Timer] INFO  -> ViewNode-Cluster-leader节点响应超时，正在进行更新操作...
[2023-04-06 16:45:14.150] [io-thread-0] INFO  -> 成功更新ViewNode-Cluster-leader节点信息，位于/127.0.0.1:4000
[2023-04-06 16:48:03.893] [main] INFO  -> ViewNode-Cluster-leader节点响应超时，正在进行更新操作...
[2023-04-06 16:48:04.999] [io-thread-0] INFO  -> 成功更新ViewNode-Cluster-leader节点信息，位于/127.0.0.1:4003
[2023-04-06 16:48:05.096] [io-thread-1] INFO  -> true
[2023-04-06 16:48:05.134] [io-thread-1] INFO  -> true
[2023-04-06 16:48:05.144] [io-thread-1] INFO  -> true
[2023-04-06 16:48:05.158] [io-thread-1] INFO  -> true
[2023-04-06 16:48:05.171] [io-thread-1] INFO  -> true
[2023-04-06 16:48:05.172] [io-thread-1] INFO  -> true
[2023-04-06 16:48:05.183] [io-thread-1] INFO  -> true
[2023-04-06 16:48:05.192] [io-thread-1] INFO  -> true
[2023-04-06 16:48:05.195] [io-thread-1] INFO  -> true
[2023-04-06 16:48:05.201] [io-thread-1] INFO  -> true
[2023-04-06 16:48:05.216] [io-thread-1] INFO  -> true
[2023-04-06 16:48:05.223] [io-thread-1] INFO  -> true
[2023-04-06 16:48:05.230] [io-thread-1] INFO  -> true
[2023-04-06 16:48:05.236] [io-thread-1] INFO  -> true
[2023-04-06 16:48:05.242] [io-thread-1] INFO  -> true
[2023-04-06 16:48:05.247] [io-thread-1] INFO  -> true
[2023-04-06 16:48:05.268] [io-thread-1] INFO  -> true
[2023-04-06 16:48:05.278] [io-thread-1] INFO  -> true
[2023-04-06 16:48:05.304] [io-thread-1] INFO  -> true
[2023-04-06 16:48:05.336] [io-thread-1] INFO  -> true
[2023-04-06 16:48:05.349] [io-thread-1] INFO  -> true
[2023-04-06 16:48:05.384] [io-thread-1] INFO  -> true
[2023-04-06 16:48:05.457] [io-thread-1] INFO  -> true
[2023-04-06 16:48:05.472] [io-thread-1] INFO  -> true
[2023-04-06 16:48:05.484] [io-thread-1] INFO  -> true
[2023-04-06 16:48:05.506] [io-thread-1] INFO  -> true
[2023-04-06 16:48:05.519] [io-thread-1] INFO  -> true
[2023-04-06 16:48:05.715] [io-thread-1] INFO  -> true
[2023-04-06 16:48:05.723] [io-thread-1] INFO  -> true
[2023-04-06 16:48:05.736] [io-thread-1] INFO  -> true
[2023-04-06 16:48:05.740] [io-thread-1] INFO  -> true
[2023-04-06 16:48:05.744] [io-thread-1] INFO  -> true
[2023-04-06 16:48:05.747] [io-thread-1] INFO  -> true
[2023-04-06 16:48:05.750] [io-thread-1] INFO  -> true
[2023-04-06 16:48:05.752] [io-thread-1] INFO  -> true
[2023-04-06 16:48:05.755] [io-thread-1] INFO  -> true
[2023-04-06 16:48:05.759] [io-thread-1] INFO  -> true
[2023-04-06 16:48:05.766] [io-thread-1] INFO  -> true
[2023-04-06 16:48:05.769] [io-thread-1] INFO  -> true
[2023-04-06 16:48:05.772] [io-thread-1] INFO  -> true
[2023-04-06 16:48:05.778] [io-thread-1] INFO  -> true
[2023-04-06 16:48:05.781] [io-thread-1] INFO  -> true
[2023-04-06 16:48:05.785] [io-thread-1] INFO  -> true
[2023-04-06 16:48:05.787] [io-thread-1] INFO  -> true
[2023-04-06 16:48:05.792] [io-thread-1] INFO  -> true
[2023-04-06 16:48:05.797] [io-thread-1] INFO  -> true
[2023-04-06 16:48:05.801] [io-thread-1] INFO  -> true
[2023-04-06 16:48:05.806] [io-thread-1] INFO  -> true
[2023-04-06 16:48:05.811] [io-thread-1] INFO  -> true
[2023-04-06 16:48:05.814] [io-thread-1] INFO  -> true
[2023-04-06 16:48:05.816] [io-thread-1] INFO  -> true
[2023-04-06 16:48:05.819] [io-thread-1] INFO  -> true
[2023-04-06 16:48:05.827] [io-thread-1] INFO  -> true
[2023-04-06 16:48:05.831] [io-thread-1] INFO  -> true
[2023-04-06 16:48:05.835] [io-thread-1] INFO  -> true
[2023-04-06 16:48:05.841] [io-thread-1] INFO  -> true
[2023-04-06 16:48:05.844] [io-thread-1] INFO  -> true
[2023-04-06 16:48:05.847] [io-thread-1] INFO  -> true
[2023-04-06 16:48:05.849] [io-thread-1] INFO  -> true
[2023-04-06 16:48:05.854] [io-thread-1] INFO  -> true
[2023-04-06 16:48:05.859] [io-thread-1] INFO  -> true
[2023-04-06 16:48:05.862] [io-thread-1] INFO  -> true
[2023-04-06 16:48:05.866] [io-thread-1] INFO  -> true
[2023-04-06 16:48:05.870] [io-thread-1] INFO  -> true
[2023-04-06 16:48:05.875] [io-thread-1] INFO  -> true
[2023-04-06 16:48:05.879] [io-thread-1] INFO  -> true
[2023-04-06 16:48:05.884] [io-thread-1] INFO  -> true
[2023-04-06 16:48:05.889] [io-thread-1] INFO  -> true
[2023-04-06 16:48:05.893] [io-thread-1] INFO  -> true
[2023-04-06 16:48:05.895] [io-thread-1] INFO  -> true
[2023-04-06 16:48:05.898] [io-thread-1] INFO  -> true
[2023-04-06 16:48:05.902] [io-thread-1] INFO  -> true
[2023-04-06 16:48:05.906] [io-thread-1] INFO  -> true
[2023-04-06 16:48:05.908] [io-thread-1] INFO  -> true
[2023-04-06 16:48:05.911] [io-thread-1] INFO  -> true
[2023-04-06 16:48:05.917] [io-thread-1] INFO  -> true
[2023-04-06 16:48:05.922] [io-thread-1] INFO  -> true
[2023-04-06 16:48:05.927] [io-thread-1] INFO  -> true
[2023-04-06 16:48:05.931] [io-thread-1] INFO  -> true
[2023-04-06 16:48:05.937] [io-thread-1] INFO  -> true
[2023-04-06 16:48:06.161] [io-thread-1] INFO  -> true
[2023-04-06 16:48:06.166] [io-thread-1] INFO  -> true
[2023-04-06 16:48:06.170] [io-thread-1] INFO  -> true
[2023-04-06 16:48:06.173] [io-thread-1] INFO  -> true
[2023-04-06 16:48:06.176] [io-thread-1] INFO  -> true
[2023-04-06 16:48:06.182] [io-thread-1] INFO  -> true
[2023-04-06 16:48:06.189] [io-thread-1] INFO  -> true
[2023-04-06 16:48:06.191] [io-thread-1] INFO  -> true
[2023-04-06 16:48:06.197] [io-thread-1] INFO  -> true
[2023-04-06 16:48:06.203] [io-thread-1] INFO  -> true
[2023-04-06 16:48:06.205] [io-thread-1] INFO  -> true
[2023-04-06 16:48:06.208] [io-thread-1] INFO  -> true
[2023-04-06 16:48:06.213] [io-thread-1] INFO  -> true
[2023-04-06 16:48:06.218] [io-thread-1] INFO  -> true
[2023-04-06 16:48:06.220] [io-thread-1] INFO  -> true
[2023-04-06 16:48:06.222] [io-thread-1] INFO  -> true
[2023-04-06 16:48:06.228] [io-thread-1] INFO  -> true
[2023-04-06 16:48:06.232] [io-thread-1] INFO  -> true
[2023-04-06 16:48:06.235] [io-thread-1] INFO  -> true
[2023-04-06 16:48:06.237] [io-thread-1] INFO  -> true
[2023-04-06 16:48:06.243] [io-thread-1] INFO  -> true
[2023-04-06 16:48:06.249] [io-thread-1] INFO  -> true
[2023-04-06 16:48:06.253] [io-thread-1] INFO  -> true
[2023-04-06 16:48:06.258] [io-thread-1] INFO  -> true
[2023-04-06 16:48:06.263] [io-thread-1] INFO  -> true
[2023-04-06 16:48:06.266] [io-thread-1] INFO  -> true
[2023-04-06 16:48:06.269] [io-thread-1] INFO  -> true
[2023-04-06 16:48:06.274] [io-thread-1] INFO  -> true
[2023-04-06 16:48:06.278] [io-thread-1] INFO  -> true
[2023-04-06 16:48:06.283] [io-thread-1] INFO  -> true
[2023-04-06 16:48:06.287] [io-thread-1] INFO  -> true
[2023-04-06 16:48:06.293] [io-thread-1] INFO  -> true
[2023-04-06 16:48:06.298] [io-thread-1] INFO  -> true
[2023-04-06 16:48:06.305] [io-thread-1] INFO  -> true
[2023-04-06 16:48:06.308] [io-thread-1] INFO  -> true
[2023-04-06 16:48:06.310] [io-thread-1] INFO  -> true
[2023-04-06 16:48:06.313] [io-thread-1] INFO  -> true
[2023-04-06 16:48:06.316] [io-thread-1] INFO  -> true
[2023-04-06 16:48:06.324] [io-thread-1] INFO  -> true
[2023-04-06 16:48:06.326] [io-thread-1] INFO  -> true
[2023-04-06 16:48:06.328] [io-thread-1] INFO  -> true
[2023-04-06 16:48:06.331] [io-thread-1] INFO  -> true
[2023-04-06 16:48:06.336] [io-thread-1] INFO  -> true
[2023-04-06 16:48:06.340] [io-thread-1] INFO  -> true
[2023-04-06 16:48:06.343] [io-thread-1] INFO  -> true
[2023-04-06 16:48:06.345] [io-thread-1] INFO  -> true
[2023-04-06 16:48:06.350] [io-thread-1] INFO  -> true
[2023-04-06 16:48:06.355] [io-thread-1] INFO  -> true
[2023-04-06 16:48:06.357] [io-thread-1] INFO  -> true
[2023-04-06 16:48:06.360] [io-thread-1] INFO  -> true
[2023-04-06 16:48:06.364] [io-thread-1] INFO  -> true
[2023-04-06 16:48:06.368] [io-thread-1] INFO  -> true
[2023-04-06 16:48:06.371] [io-thread-1] INFO  -> true
[2023-04-06 16:48:06.373] [io-thread-1] INFO  -> true
[2023-04-06 16:48:06.375] [io-thread-1] INFO  -> true
[2023-04-06 16:48:06.380] [io-thread-1] INFO  -> true
[2023-04-06 16:48:06.385] [io-thread-1] INFO  -> true
[2023-04-06 16:48:06.598] [io-thread-1] INFO  -> true
[2023-04-06 16:48:06.607] [io-thread-1] INFO  -> true
[2023-04-06 16:48:06.612] [io-thread-1] INFO  -> true
[2023-04-06 16:48:06.617] [io-thread-1] INFO  -> true
[2023-04-06 16:48:06.620] [io-thread-1] INFO  -> true
[2023-04-06 16:48:06.623] [io-thread-1] INFO  -> true
[2023-04-06 16:48:06.630] [io-thread-1] INFO  -> true
[2023-04-06 16:48:06.633] [io-thread-1] INFO  -> true
[2023-04-06 16:48:06.635] [io-thread-1] INFO  -> true
[2023-04-06 16:48:06.638] [io-thread-1] INFO  -> true
[2023-04-06 16:48:06.644] [io-thread-1] INFO  -> true
[2023-04-06 16:48:06.647] [io-thread-1] INFO  -> true
[2023-04-06 16:48:06.649] [io-thread-1] INFO  -> true
[2023-04-06 16:48:06.652] [io-thread-1] INFO  -> true
[2023-04-06 16:48:06.655] [io-thread-1] INFO  -> true
[2023-04-06 16:48:06.658] [io-thread-1] INFO  -> true
[2023-04-06 16:48:06.665] [io-thread-1] INFO  -> true
[2023-04-06 16:48:06.667] [io-thread-1] INFO  -> true
[2023-04-06 16:48:06.670] [io-thread-1] INFO  -> true
[2023-04-06 16:48:06.672] [io-thread-1] INFO  -> true
[2023-04-06 16:48:06.678] [io-thread-1] INFO  -> true
[2023-04-06 16:48:06.680] [io-thread-1] INFO  -> true
[2023-04-06 16:48:06.683] [io-thread-1] INFO  -> true
[2023-04-06 16:48:06.685] [io-thread-1] INFO  -> true
[2023-04-06 16:48:06.691] [io-thread-1] INFO  -> true
[2023-04-06 16:48:06.695] [io-thread-1] INFO  -> true
[2023-04-06 16:48:06.697] [io-thread-1] INFO  -> true
[2023-04-06 16:48:06.700] [io-thread-1] INFO  -> true
[2023-04-06 16:48:06.703] [io-thread-1] INFO  -> true
[2023-04-06 16:48:06.709] [io-thread-1] INFO  -> true
[2023-04-06 16:48:06.712] [io-thread-1] INFO  -> true
[2023-04-06 16:48:06.715] [io-thread-1] INFO  -> true
[2023-04-06 16:48:06.719] [io-thread-1] INFO  -> true
[2023-04-06 16:48:06.725] [io-thread-1] INFO  -> true
[2023-04-06 16:48:06.728] [io-thread-1] INFO  -> true
[2023-04-06 16:48:06.731] [io-thread-1] INFO  -> true
[2023-04-06 16:48:06.734] [io-thread-1] INFO  -> true
[2023-04-06 16:48:06.740] [io-thread-1] INFO  -> true
[2023-04-06 16:48:06.743] [io-thread-1] INFO  -> true
[2023-04-06 16:48:06.745] [io-thread-1] INFO  -> true
[2023-04-06 16:48:06.751] [io-thread-1] INFO  -> true
[2023-04-06 16:48:06.758] [io-thread-1] INFO  -> true
[2023-04-06 16:48:06.762] [io-thread-1] INFO  -> true
[2023-04-06 16:48:06.766] [io-thread-1] INFO  -> true
[2023-04-06 16:48:06.772] [io-thread-1] INFO  -> true
[2023-04-06 16:48:06.774] [io-thread-1] INFO  -> true
[2023-04-06 16:48:06.777] [io-thread-1] INFO  -> true
[2023-04-06 16:48:06.782] [io-thread-1] INFO  -> true
[2023-04-06 16:48:06.786] [io-thread-1] INFO  -> true
[2023-04-06 16:48:06.788] [io-thread-1] INFO  -> true
[2023-04-06 16:48:06.791] [io-thread-1] INFO  -> true
[2023-04-06 16:48:06.794] [io-thread-1] INFO  -> true
[2023-04-06 16:48:06.798] [io-thread-1] INFO  -> true
[2023-04-06 16:48:06.805] [io-thread-1] INFO  -> true
[2023-04-06 16:48:06.807] [io-thread-1] INFO  -> true
[2023-04-06 16:48:06.810] [io-thread-1] INFO  -> true
[2023-04-06 16:48:06.819] [io-thread-1] INFO  -> true
[2023-04-06 16:48:07.048] [io-thread-1] INFO  -> true
[2023-04-06 16:48:07.062] [io-thread-1] INFO  -> true
[2023-04-06 16:48:07.066] [io-thread-1] INFO  -> true
[2023-04-06 16:48:07.070] [io-thread-1] INFO  -> true
[2023-04-06 16:48:07.076] [io-thread-1] INFO  -> true
[2023-04-06 16:48:07.081] [io-thread-1] INFO  -> true
[2023-04-06 16:48:07.085] [io-thread-1] INFO  -> true
[2023-04-06 16:48:07.088] [io-thread-1] INFO  -> true
[2023-04-06 16:48:07.095] [io-thread-1] INFO  -> true
[2023-04-06 16:48:07.100] [io-thread-1] INFO  -> true
[2023-04-06 16:48:07.102] [io-thread-1] INFO  -> true
[2023-04-06 16:48:07.105] [io-thread-1] INFO  -> true
[2023-04-06 16:48:07.112] [io-thread-1] INFO  -> true
[2023-04-06 16:48:07.114] [io-thread-1] INFO  -> true
[2023-04-06 16:48:07.116] [io-thread-1] INFO  -> true
[2023-04-06 16:48:07.118] [io-thread-1] INFO  -> true
[2023-04-06 16:48:07.122] [io-thread-1] INFO  -> true
[2023-04-06 16:48:07.129] [io-thread-1] INFO  -> true
[2023-04-06 16:48:07.131] [io-thread-1] INFO  -> true
[2023-04-06 16:48:07.133] [io-thread-1] INFO  -> true
[2023-04-06 16:48:07.136] [io-thread-1] INFO  -> true
[2023-04-06 16:48:07.139] [io-thread-1] INFO  -> true
[2023-04-06 16:48:07.143] [io-thread-1] INFO  -> true
[2023-04-06 16:48:07.145] [io-thread-1] INFO  -> true
[2023-04-06 16:48:07.147] [io-thread-1] INFO  -> true
[2023-04-06 16:48:07.149] [io-thread-1] INFO  -> true
[2023-04-06 16:48:07.151] [io-thread-1] INFO  -> true
[2023-04-06 16:48:07.160] [io-thread-1] INFO  -> true
[2023-04-06 16:48:07.163] [io-thread-1] INFO  -> true
[2023-04-06 16:48:07.170] [io-thread-1] INFO  -> true
[2023-04-06 16:48:07.185] [io-thread-1] INFO  -> true
[2023-04-06 16:48:07.191] [io-thread-1] INFO  -> true
[2023-04-06 16:48:07.193] [io-thread-1] INFO  -> true
[2023-04-06 16:48:07.195] [io-thread-1] INFO  -> true
[2023-04-06 16:48:07.197] [io-thread-1] INFO  -> true
[2023-04-06 16:48:07.202] [io-thread-1] INFO  -> true
[2023-04-06 16:48:07.206] [io-thread-1] INFO  -> true
[2023-04-06 16:48:07.209] [io-thread-1] INFO  -> true
[2023-04-06 16:48:07.211] [io-thread-1] INFO  -> true
[2023-04-06 16:48:07.214] [io-thread-1] INFO  -> true
[2023-04-06 16:48:07.220] [io-thread-1] INFO  -> true
[2023-04-06 16:48:07.223] [io-thread-1] INFO  -> true
[2023-04-06 16:48:07.227] [io-thread-1] INFO  -> true
[2023-04-06 16:48:07.235] [io-thread-1] INFO  -> true
[2023-04-06 16:48:07.239] [io-thread-1] INFO  -> true
[2023-04-06 16:48:07.244] [io-thread-1] INFO  -> true
[2023-04-06 16:48:07.255] [io-thread-1] INFO  -> true
[2023-04-06 16:48:07.257] [io-thread-1] INFO  -> true
[2023-04-06 16:48:07.261] [io-thread-1] INFO  -> true
[2023-04-06 16:48:07.266] [io-thread-1] INFO  -> true
[2023-04-06 16:48:07.269] [io-thread-1] INFO  -> true
[2023-04-06 16:48:07.272] [io-thread-1] INFO  -> true
[2023-04-06 16:48:07.274] [io-thread-1] INFO  -> true
[2023-04-06 16:48:07.279] [io-thread-1] INFO  -> true
[2023-04-06 16:48:07.282] [io-thread-1] INFO  -> true
[2023-04-06 16:48:07.284] [io-thread-1] INFO  -> true
[2023-04-06 16:48:07.287] [io-thread-1] INFO  -> true
[2023-04-06 16:48:07.289] [io-thread-1] INFO  -> true
[2023-04-06 16:48:07.294] [io-thread-1] INFO  -> true
[2023-04-06 16:48:07.298] [io-thread-1] INFO  -> true
[2023-04-06 16:48:07.301] [io-thread-1] INFO  -> true
[2023-04-06 16:48:07.304] [io-thread-1] INFO  -> true
[2023-04-06 16:48:07.309] [io-thread-1] INFO  -> true
[2023-04-06 16:48:07.313] [io-thread-1] INFO  -> true
[2023-04-06 16:48:07.316] [io-thread-1] INFO  -> true
[2023-04-06 16:48:07.318] [io-thread-1] INFO  -> true
[2023-04-06 16:48:07.321] [io-thread-1] INFO  -> true
[2023-04-06 16:48:07.325] [io-thread-1] INFO  -> true
[2023-04-06 16:48:07.332] [io-thread-1] INFO  -> true
[2023-04-06 16:48:07.335] [io-thread-1] INFO  -> true
[2023-04-06 16:48:07.338] [io-thread-1] INFO  -> true
[2023-04-06 16:48:07.344] [io-thread-1] INFO  -> true
[2023-04-06 16:48:07.346] [io-thread-1] INFO  -> true
[2023-04-06 16:48:07.349] [io-thread-1] INFO  -> true
[2023-04-06 16:48:07.351] [io-thread-1] INFO  -> true
[2023-04-06 16:48:07.356] [io-thread-1] INFO  -> true
[2023-04-06 16:48:07.361] [io-thread-1] INFO  -> true
[2023-04-06 16:48:07.364] [io-thread-1] INFO  -> true
[2023-04-06 16:48:07.367] [io-thread-1] INFO  -> true
[2023-04-06 16:48:07.372] [io-thread-1] INFO  -> true
[2023-04-06 16:48:07.378] [io-thread-1] INFO  -> true
[2023-04-06 16:48:07.381] [io-thread-1] INFO  -> true
[2023-04-06 16:48:07.385] [io-thread-1] INFO  -> true
[2023-04-06 16:48:07.391] [io-thread-1] INFO  -> true
[2023-04-06 16:48:07.393] [io-thread-1] INFO  -> true
[2023-04-06 16:48:07.396] [io-thread-1] INFO  -> true
[2023-04-06 16:48:07.398] [io-thread-1] INFO  -> true
[2023-04-06 16:48:07.405] [io-thread-1] INFO  -> true
[2023-04-06 16:48:07.408] [io-thread-1] INFO  -> true
[2023-04-06 16:48:07.410] [io-thread-1] INFO  -> true
[2023-04-06 16:48:07.414] [io-thread-1] INFO  -> true
[2023-04-06 16:48:07.420] [io-thread-1] INFO  -> true
[2023-04-06 16:48:07.423] [io-thread-1] INFO  -> true
[2023-04-06 16:48:07.425] [io-thread-1] INFO  -> true
[2023-04-06 16:48:07.432] [io-thread-1] INFO  -> true
[2023-04-06 16:48:07.436] [io-thread-1] INFO  -> true
[2023-04-06 16:48:07.438] [io-thread-1] INFO  -> true
[2023-04-06 16:48:07.441] [io-thread-1] INFO  -> true
[2023-04-06 16:48:07.445] [io-thread-1] INFO  -> true
[2023-04-06 16:48:07.450] [io-thread-1] INFO  -> true
[2023-04-06 16:48:07.454] [io-thread-1] INFO  -> true
[2023-04-06 16:48:07.458] [io-thread-1] INFO  -> true
[2023-04-06 16:48:07.461] [io-thread-1] INFO  -> true
[2023-04-06 16:48:07.469] [io-thread-1] INFO  -> true
[2023-04-06 16:48:07.471] [io-thread-1] INFO  -> true
[2023-04-06 16:48:07.473] [io-thread-1] INFO  -> true
[2023-04-06 16:48:07.482] [io-thread-1] INFO  -> true
[2023-04-06 16:48:07.484] [io-thread-1] INFO  -> true
[2023-04-06 16:48:07.487] [io-thread-1] INFO  -> true
[2023-04-06 16:48:07.489] [io-thread-1] INFO  -> true
[2023-04-06 16:48:07.492] [io-thread-1] INFO  -> true
[2023-04-06 16:48:07.498] [io-thread-1] INFO  -> true
[2023-04-06 16:48:07.501] [io-thread-1] INFO  -> true
[2023-04-06 16:48:07.504] [io-thread-1] INFO  -> true
[2023-04-06 16:48:07.508] [io-thread-1] INFO  -> true
[2023-04-06 16:48:07.511] [io-thread-1] INFO  -> true
[2023-04-06 16:48:07.514] [io-thread-1] INFO  -> true
[2023-04-06 16:48:07.516] [io-thread-1] INFO  -> true
[2023-04-06 16:48:07.518] [io-thread-1] INFO  -> true
[2023-04-06 16:48:07.520] [io-thread-1] INFO  -> true
[2023-04-06 16:48:07.525] [io-thread-1] INFO  -> true
[2023-04-06 16:48:07.531] [io-thread-1] INFO  -> true
[2023-04-06 16:48:07.533] [io-thread-1] INFO  -> true
[2023-04-06 16:48:07.535] [io-thread-1] INFO  -> true
[2023-04-06 16:48:07.541] [io-thread-1] INFO  -> true
[2023-04-06 16:48:07.544] [io-thread-1] INFO  -> true
[2023-04-06 16:48:07.547] [io-thread-1] INFO  -> true
[2023-04-06 16:48:07.549] [io-thread-1] INFO  -> true
[2023-04-06 16:48:07.553] [io-thread-1] INFO  -> true
[2023-04-06 16:48:07.557] [io-thread-1] INFO  -> true
[2023-04-06 16:48:07.563] [io-thread-1] INFO  -> true
[2023-04-06 16:48:07.567] [io-thread-1] INFO  -> true
[2023-04-06 16:48:07.570] [io-thread-1] INFO  -> true
[2023-04-06 16:48:07.578] [io-thread-1] INFO  -> true
[2023-04-06 16:48:07.582] [io-thread-1] INFO  -> true
[2023-04-06 16:48:07.586] [io-thread-1] INFO  -> true
[2023-04-06 16:48:07.595] [io-thread-1] INFO  -> true
[2023-04-06 16:48:07.598] [io-thread-1] INFO  -> true
[2023-04-06 16:48:07.601] [io-thread-1] INFO  -> true
[2023-04-06 16:48:07.604] [io-thread-1] INFO  -> true
[2023-04-06 16:48:07.607] [io-thread-1] INFO  -> true
[2023-04-06 16:48:07.609] [io-thread-1] INFO  -> true
[2023-04-06 16:48:07.611] [io-thread-1] INFO  -> true
[2023-04-06 16:48:07.614] [io-thread-1] INFO  -> true
[2023-04-06 16:48:07.620] [io-thread-1] INFO  -> true
[2023-04-06 16:48:07.626] [io-thread-1] INFO  -> true
[2023-04-06 16:48:07.629] [io-thread-1] INFO  -> true
[2023-04-06 16:48:07.632] [io-thread-1] INFO  -> true
[2023-04-06 16:48:07.638] [io-thread-1] INFO  -> true
[2023-04-06 16:48:07.640] [io-thread-1] INFO  -> true
[2023-04-06 16:48:07.642] [io-thread-1] INFO  -> true
[2023-04-06 16:48:07.648] [io-thread-1] INFO  -> true
[2023-04-06 16:48:07.653] [io-thread-1] INFO  -> true
[2023-04-06 16:48:07.656] [io-thread-1] INFO  -> true
[2023-04-06 16:48:07.658] [io-thread-1] INFO  -> true
[2023-04-06 16:48:07.662] [io-thread-1] INFO  -> true
[2023-04-06 16:48:07.671] [io-thread-1] INFO  -> true
[2023-04-06 16:48:07.675] [io-thread-1] INFO  -> true
[2023-04-06 16:48:07.683] [io-thread-1] INFO  -> true
[2023-04-06 16:48:07.685] [io-thread-1] INFO  -> true
[2023-04-06 16:48:07.688] [io-thread-1] INFO  -> true
[2023-04-06 16:48:07.695] [io-thread-1] INFO  -> true
[2023-04-06 16:48:07.702] [io-thread-1] INFO  -> true
[2023-04-06 16:48:07.706] [io-thread-1] INFO  -> true
[2023-04-06 16:48:07.710] [io-thread-1] INFO  -> true
[2023-04-06 16:48:07.713] [io-thread-1] INFO  -> true
[2023-04-06 16:48:07.715] [io-thread-1] INFO  -> true
[2023-04-06 16:48:07.717] [io-thread-1] INFO  -> true
[2023-04-06 16:48:07.719] [io-thread-1] INFO  -> true
[2023-04-06 16:48:07.726] [io-thread-1] INFO  -> true
[2023-04-06 16:48:07.730] [io-thread-1] INFO  -> true
[2023-04-06 16:48:07.732] [io-thread-1] INFO  -> true
[2023-04-06 16:48:07.735] [io-thread-1] INFO  -> true
[2023-04-06 16:48:07.740] [io-thread-1] INFO  -> true
[2023-04-06 16:48:07.745] [io-thread-1] INFO  -> true
[2023-04-06 16:48:07.748] [io-thread-1] INFO  -> true
[2023-04-06 16:48:07.750] [io-thread-1] INFO  -> true
[2023-04-06 16:48:07.754] [io-thread-1] INFO  -> true
[2023-04-06 16:48:07.758] [io-thread-1] INFO  -> true
[2023-04-06 16:48:07.760] [io-thread-1] INFO  -> true
[2023-04-06 16:48:07.763] [io-thread-1] INFO  -> true
[2023-04-06 16:48:07.765] [io-thread-1] INFO  -> true
[2023-04-06 16:48:07.771] [io-thread-1] INFO  -> true
[2023-04-06 16:48:07.776] [io-thread-1] INFO  -> true
[2023-04-06 16:48:07.778] [io-thread-1] INFO  -> true
[2023-04-06 16:48:07.781] [io-thread-1] INFO  -> true
[2023-04-06 16:48:07.786] [io-thread-1] INFO  -> true
[2023-04-06 16:48:07.790] [io-thread-1] INFO  -> true
[2023-04-06 16:48:07.795] [io-thread-1] INFO  -> true
[2023-04-06 16:48:07.800] [io-thread-1] INFO  -> true
[2023-04-06 16:48:07.807] [io-thread-1] INFO  -> true
[2023-04-06 16:48:07.809] [io-thread-1] INFO  -> true
[2023-04-06 16:48:07.813] [io-thread-1] INFO  -> true
[2023-04-06 16:48:07.818] [io-thread-1] INFO  -> true
[2023-04-06 16:48:07.820] [io-thread-1] INFO  -> true
[2023-04-06 16:48:07.822] [io-thread-1] INFO  -> true
[2023-04-06 16:48:07.824] [io-thread-1] INFO  -> true
[2023-04-06 16:48:07.827] [io-thread-1] INFO  -> true
[2023-04-06 16:48:07.833] [io-thread-1] INFO  -> true
[2023-04-06 16:48:07.837] [io-thread-1] INFO  -> true
[2023-04-06 16:48:07.840] [io-thread-1] INFO  -> true
[2023-04-06 16:48:07.841] [io-thread-1] INFO  -> true
[2023-04-06 16:48:07.844] [io-thread-1] INFO  -> true
[2023-04-06 16:48:07.850] [io-thread-1] INFO  -> true
[2023-04-06 16:48:07.852] [io-thread-1] INFO  -> true
[2023-04-06 16:48:07.854] [io-thread-1] INFO  -> true
[2023-04-06 16:48:07.857] [io-thread-1] INFO  -> true
[2023-04-06 16:48:07.863] [io-thread-1] INFO  -> true
[2023-04-06 16:48:07.866] [io-thread-1] INFO  -> true
[2023-04-06 16:48:07.868] [io-thread-1] INFO  -> true
[2023-04-06 16:48:07.870] [io-thread-1] INFO  -> true
[2023-04-06 16:48:07.872] [io-thread-1] INFO  -> true
[2023-04-06 16:48:07.880] [io-thread-1] INFO  -> true
[2023-04-06 16:48:07.883] [io-thread-1] INFO  -> true
[2023-04-06 16:48:07.884] [io-thread-1] INFO  -> true
[2023-04-06 16:48:07.887] [io-thread-1] INFO  -> true
[2023-04-06 16:48:07.891] [io-thread-1] INFO  -> true
[2023-04-06 16:48:07.898] [io-thread-1] INFO  -> true
[2023-04-06 16:48:07.901] [io-thread-1] INFO  -> true
[2023-04-06 16:48:07.903] [io-thread-1] INFO  -> true
[2023-04-06 16:48:07.906] [io-thread-1] INFO  -> true
[2023-04-06 16:48:07.913] [io-thread-1] INFO  -> true
[2023-04-06 16:48:07.915] [io-thread-1] INFO  -> true
[2023-04-06 16:48:07.918] [io-thread-1] INFO  -> true
[2023-04-06 16:48:07.926] [io-thread-1] INFO  -> true
[2023-04-06 16:48:07.931] [io-thread-1] INFO  -> true
[2023-04-06 16:48:07.933] [io-thread-1] INFO  -> true
[2023-04-06 16:48:07.939] [io-thread-1] INFO  -> true
[2023-04-06 16:48:07.942] [io-thread-1] INFO  -> true
[2023-04-06 16:48:07.946] [io-thread-1] INFO  -> true
[2023-04-06 16:48:07.950] [io-thread-1] INFO  -> true
[2023-04-06 16:48:07.955] [io-thread-1] INFO  -> true
[2023-04-06 16:48:07.960] [io-thread-1] INFO  -> true
[2023-04-06 16:48:07.963] [io-thread-1] INFO  -> true
[2023-04-06 16:48:07.966] [io-thread-1] INFO  -> true
[2023-04-06 16:48:07.971] [io-thread-1] INFO  -> true
[2023-04-06 16:48:07.975] [io-thread-1] INFO  -> true
[2023-04-06 16:48:07.978] [io-thread-1] INFO  -> true
[2023-04-06 16:48:07.981] [io-thread-1] INFO  -> true
[2023-04-06 16:48:07.985] [io-thread-1] INFO  -> true
[2023-04-06 16:48:07.991] [io-thread-1] INFO  -> true
[2023-04-06 16:48:07.994] [io-thread-1] INFO  -> true
[2023-04-06 16:48:07.996] [io-thread-1] INFO  -> true
[2023-04-06 16:48:08.004] [io-thread-1] INFO  -> true
[2023-04-06 16:48:08.006] [io-thread-1] INFO  -> true
[2023-04-06 16:48:08.008] [io-thread-1] INFO  -> true
[2023-04-06 16:48:08.010] [io-thread-1] INFO  -> true
[2023-04-06 16:48:08.013] [io-thread-1] INFO  -> true
[2023-04-06 16:48:08.019] [io-thread-1] INFO  -> true
[2023-04-06 16:48:08.020] [io-thread-1] INFO  -> true
[2023-04-06 16:48:08.023] [io-thread-1] INFO  -> true
[2023-04-06 16:48:08.026] [io-thread-1] INFO  -> true
[2023-04-06 16:48:08.035] [io-thread-1] INFO  -> true
[2023-04-06 16:48:08.037] [io-thread-1] INFO  -> true
[2023-04-06 16:48:08.040] [io-thread-1] INFO  -> true
[2023-04-06 16:48:08.042] [io-thread-1] INFO  -> true
[2023-04-06 16:48:08.047] [io-thread-1] INFO  -> true
[2023-04-06 16:48:08.051] [io-thread-1] INFO  -> true
[2023-04-06 16:48:08.054] [io-thread-1] INFO  -> true
[2023-04-06 16:48:08.057] [io-thread-1] INFO  -> true
[2023-04-06 16:48:08.065] [io-thread-1] INFO  -> true
[2023-04-06 16:48:08.068] [io-thread-1] INFO  -> true
[2023-04-06 16:48:08.070] [io-thread-1] INFO  -> true
[2023-04-06 16:48:08.073] [io-thread-1] INFO  -> true
[2023-04-06 16:48:08.074] [ViewNode-Cluster-Timer] INFO  -> ViewNode-Cluster-leader节点响应超时，正在进行更新操作...
[2023-04-06 16:48:09.174] [io-thread-1] INFO  -> 成功更新ViewNode-Cluster-leader节点信息，位于/127.0.0.1:4003
[2023-04-06 16:57:34.515] [main] INFO  -> ViewNode-Cluster-leader节点响应超时，正在进行更新操作...
[2023-04-06 16:57:35.638] [io-thread-1] INFO  -> 成功更新ViewNode-Cluster-leader节点信息，位于/127.0.0.1:4003
[2023-04-06 16:57:35.958] [io-thread-1] INFO  -> true
[2023-04-06 16:57:35.959] [io-thread-1] INFO  -> true
[2023-04-06 16:57:35.959] [io-thread-1] INFO  -> true
[2023-04-06 16:57:35.959] [io-thread-1] INFO  -> true
[2023-04-06 16:57:35.959] [io-thread-1] INFO  -> true
[2023-04-06 16:57:36.069] [io-thread-1] INFO  -> true
[2023-04-06 16:57:36.073] [io-thread-1] INFO  -> true
[2023-04-06 16:57:36.078] [io-thread-1] INFO  -> true
[2023-04-06 16:57:36.083] [io-thread-1] INFO  -> true
[2023-04-06 16:57:36.086] [io-thread-1] INFO  -> true
[2023-04-06 16:57:36.088] [io-thread-1] INFO  -> true
[2023-04-06 16:57:36.094] [io-thread-1] INFO  -> true
[2023-04-06 16:57:36.100] [io-thread-1] INFO  -> true
[2023-04-06 16:57:36.104] [io-thread-1] INFO  -> true
[2023-04-06 16:57:36.107] [io-thread-1] INFO  -> true
[2023-04-06 16:57:36.114] [io-thread-1] INFO  -> true
[2023-04-06 16:57:36.117] [io-thread-1] INFO  -> true
[2023-04-06 16:57:36.120] [io-thread-1] INFO  -> true
[2023-04-06 16:57:36.126] [io-thread-1] INFO  -> true
[2023-04-06 16:57:36.132] [io-thread-1] INFO  -> true
[2023-04-06 16:57:36.136] [io-thread-1] INFO  -> true
[2023-04-06 16:57:36.142] [io-thread-1] INFO  -> true
[2023-04-06 16:57:36.148] [io-thread-1] INFO  -> true
[2023-04-06 16:57:36.152] [io-thread-1] INFO  -> true
[2023-04-06 16:57:36.156] [io-thread-1] INFO  -> true
[2023-04-06 16:57:36.162] [io-thread-1] INFO  -> true
[2023-04-06 16:57:36.165] [io-thread-1] INFO  -> true
[2023-04-06 16:57:36.170] [io-thread-1] INFO  -> true
[2023-04-06 16:57:36.172] [io-thread-1] INFO  -> true
[2023-04-06 16:57:36.177] [io-thread-1] INFO  -> true
[2023-04-06 16:57:36.180] [io-thread-1] INFO  -> true
[2023-04-06 16:57:36.186] [io-thread-1] INFO  -> true
[2023-04-06 16:57:36.193] [io-thread-1] INFO  -> true
[2023-04-06 16:57:36.197] [io-thread-1] INFO  -> true
[2023-04-06 16:57:36.202] [io-thread-1] INFO  -> true
[2023-04-06 16:57:36.207] [io-thread-1] INFO  -> true
[2023-04-06 16:57:36.212] [io-thread-1] INFO  -> true
[2023-04-06 16:57:36.218] [io-thread-1] INFO  -> true
[2023-04-06 16:57:36.224] [io-thread-1] INFO  -> true
[2023-04-06 16:57:36.228] [io-thread-1] INFO  -> true
[2023-04-06 16:57:36.234] [io-thread-1] INFO  -> true
[2023-04-06 16:57:36.240] [io-thread-1] INFO  -> true
[2023-04-06 16:57:36.242] [io-thread-1] INFO  -> true
[2023-04-06 16:57:36.250] [io-thread-1] INFO  -> true
[2023-04-06 16:57:36.258] [io-thread-1] INFO  -> true
[2023-04-06 16:57:36.263] [io-thread-1] INFO  -> true
[2023-04-06 16:57:36.267] [io-thread-1] INFO  -> true
[2023-04-06 16:57:36.271] [io-thread-1] INFO  -> true
[2023-04-06 16:57:36.276] [io-thread-1] INFO  -> true
[2023-04-06 16:57:36.286] [io-thread-1] INFO  -> true
[2023-04-06 16:57:36.294] [io-thread-1] INFO  -> true
[2023-04-06 16:57:36.514] [io-thread-1] INFO  -> true
[2023-04-06 16:57:36.524] [io-thread-1] INFO  -> true
[2023-04-06 16:57:36.532] [io-thread-1] INFO  -> true
[2023-04-06 16:57:36.539] [io-thread-1] INFO  -> true
[2023-04-06 16:57:36.549] [io-thread-1] INFO  -> true
[2023-04-06 16:57:36.554] [io-thread-1] INFO  -> true
[2023-04-06 16:57:36.561] [io-thread-1] INFO  -> true
[2023-04-06 16:57:36.565] [io-thread-1] INFO  -> true
[2023-04-06 16:57:36.569] [io-thread-1] INFO  -> true
[2023-04-06 16:57:36.580] [io-thread-1] INFO  -> true
[2023-04-06 16:57:36.585] [io-thread-1] INFO  -> true
[2023-04-06 16:57:36.591] [io-thread-1] INFO  -> true
[2023-04-06 16:57:36.597] [io-thread-1] INFO  -> true
[2023-04-06 16:57:36.604] [io-thread-1] INFO  -> true
[2023-04-06 16:57:36.610] [io-thread-1] INFO  -> true
[2023-04-06 16:57:36.614] [io-thread-1] INFO  -> true
[2023-04-06 16:57:36.619] [io-thread-1] INFO  -> true
[2023-04-06 16:57:36.623] [io-thread-1] INFO  -> true
[2023-04-06 16:57:36.627] [io-thread-1] INFO  -> true
[2023-04-06 16:57:36.633] [io-thread-1] INFO  -> true
[2023-04-06 16:57:36.638] [io-thread-1] INFO  -> true
[2023-04-06 16:57:36.641] [io-thread-1] INFO  -> true
[2023-04-06 16:57:36.643] [io-thread-1] INFO  -> true
[2023-04-06 16:57:36.648] [io-thread-1] INFO  -> true
[2023-04-06 16:57:36.654] [io-thread-1] INFO  -> true
[2023-04-06 16:57:36.657] [io-thread-1] INFO  -> true
[2023-04-06 16:57:36.660] [io-thread-1] INFO  -> true
[2023-04-06 16:57:36.667] [io-thread-1] INFO  -> true
[2023-04-06 16:57:36.671] [io-thread-1] INFO  -> true
[2023-04-06 16:57:36.674] [io-thread-1] INFO  -> true
[2023-04-06 16:57:36.682] [io-thread-1] INFO  -> true
[2023-04-06 16:57:36.686] [io-thread-1] INFO  -> true
[2023-04-06 16:57:36.695] [io-thread-1] INFO  -> true
[2023-04-06 16:57:36.700] [io-thread-1] INFO  -> true
[2023-04-06 16:57:36.704] [io-thread-1] INFO  -> true
[2023-04-06 16:57:36.709] [io-thread-1] INFO  -> true
[2023-04-06 16:57:36.713] [io-thread-1] INFO  -> true
[2023-04-06 16:57:36.716] [io-thread-1] INFO  -> true
[2023-04-06 16:57:36.718] [io-thread-1] INFO  -> true
[2023-04-06 16:57:36.720] [io-thread-1] INFO  -> true
[2023-04-06 16:57:36.726] [io-thread-1] INFO  -> true
[2023-04-06 16:57:36.948] [io-thread-1] INFO  -> true
[2023-04-06 16:57:36.958] [io-thread-1] INFO  -> true
[2023-04-06 16:57:36.960] [io-thread-1] INFO  -> true
[2023-04-06 16:57:36.964] [io-thread-1] INFO  -> true
[2023-04-06 16:57:36.967] [io-thread-1] INFO  -> true
[2023-04-06 16:57:36.971] [io-thread-1] INFO  -> true
[2023-04-06 16:57:36.979] [io-thread-1] INFO  -> true
[2023-04-06 16:57:36.982] [io-thread-1] INFO  -> true
[2023-04-06 16:57:36.985] [io-thread-1] INFO  -> true
[2023-04-06 16:57:36.988] [io-thread-1] INFO  -> true
[2023-04-06 16:57:36.991] [io-thread-1] INFO  -> true
[2023-04-06 16:57:36.993] [io-thread-1] INFO  -> true
[2023-04-06 16:57:36.996] [io-thread-1] INFO  -> true
[2023-04-06 16:57:36.998] [io-thread-1] INFO  -> true
[2023-04-06 16:57:37.002] [io-thread-1] INFO  -> true
[2023-04-06 16:57:37.008] [io-thread-1] INFO  -> true
[2023-04-06 16:57:37.010] [io-thread-1] INFO  -> true
[2023-04-06 16:57:37.013] [io-thread-1] INFO  -> true
[2023-04-06 16:57:37.015] [io-thread-1] INFO  -> true
[2023-04-06 16:57:37.020] [io-thread-1] INFO  -> true
[2023-04-06 16:57:37.025] [io-thread-1] INFO  -> true
[2023-04-06 16:57:37.028] [io-thread-1] INFO  -> true
[2023-04-06 16:57:37.033] [io-thread-1] INFO  -> true
[2023-04-06 16:57:37.039] [io-thread-1] INFO  -> true
[2023-04-06 16:57:37.042] [io-thread-1] INFO  -> true
[2023-04-06 16:57:37.046] [io-thread-1] INFO  -> true
[2023-04-06 16:57:37.051] [io-thread-1] INFO  -> true
[2023-04-06 16:57:37.056] [io-thread-1] INFO  -> true
[2023-04-06 16:57:37.059] [io-thread-1] INFO  -> true
[2023-04-06 16:57:37.064] [io-thread-1] INFO  -> true
[2023-04-06 16:57:37.070] [io-thread-1] INFO  -> true
[2023-04-06 16:57:37.073] [io-thread-1] INFO  -> true
[2023-04-06 16:57:37.075] [io-thread-1] INFO  -> true
[2023-04-06 16:57:37.081] [io-thread-1] INFO  -> true
[2023-04-06 16:57:37.086] [io-thread-1] INFO  -> true
[2023-04-06 16:57:37.090] [io-thread-1] INFO  -> true
[2023-04-06 16:57:37.097] [io-thread-1] INFO  -> true
[2023-04-06 16:57:37.101] [io-thread-1] INFO  -> true
[2023-04-06 16:57:37.103] [io-thread-1] INFO  -> true
[2023-04-06 16:57:37.106] [io-thread-1] INFO  -> true
[2023-04-06 16:57:37.111] [io-thread-1] INFO  -> true
[2023-04-06 16:57:37.116] [io-thread-1] INFO  -> true
[2023-04-06 16:57:37.118] [io-thread-1] INFO  -> true
[2023-04-06 16:57:37.122] [io-thread-1] INFO  -> true
[2023-04-06 16:57:37.125] [io-thread-1] INFO  -> true
[2023-04-06 16:57:37.132] [io-thread-1] INFO  -> true
[2023-04-06 16:57:37.136] [io-thread-1] INFO  -> true
[2023-04-06 16:57:37.137] [io-thread-1] INFO  -> true
[2023-04-06 16:57:37.142] [io-thread-1] INFO  -> true
[2023-04-06 16:57:37.148] [io-thread-1] INFO  -> true
[2023-04-06 16:57:37.153] [io-thread-1] INFO  -> true
[2023-04-06 16:57:37.160] [io-thread-1] INFO  -> true
[2023-04-06 16:57:37.164] [io-thread-1] INFO  -> true
[2023-04-06 16:57:37.168] [io-thread-1] INFO  -> true
[2023-04-06 16:57:37.177] [io-thread-1] INFO  -> true
[2023-04-06 16:57:37.179] [io-thread-1] INFO  -> true
[2023-04-06 16:57:37.183] [io-thread-1] INFO  -> true
[2023-04-06 16:57:37.186] [io-thread-1] INFO  -> true
[2023-04-06 16:57:37.193] [io-thread-1] INFO  -> true
[2023-04-06 16:57:37.196] [io-thread-1] INFO  -> true
[2023-04-06 16:57:37.198] [io-thread-1] INFO  -> true
[2023-04-06 16:57:37.200] [io-thread-1] INFO  -> true
[2023-04-06 16:57:37.204] [io-thread-1] INFO  -> true
[2023-04-06 16:57:37.208] [io-thread-1] INFO  -> true
[2023-04-06 16:57:37.211] [io-thread-1] INFO  -> true
[2023-04-06 16:57:37.213] [io-thread-1] INFO  -> true
[2023-04-06 16:57:37.219] [io-thread-1] INFO  -> true
[2023-04-06 16:57:37.220] [io-thread-1] INFO  -> true
[2023-04-06 16:57:37.224] [io-thread-1] INFO  -> true
[2023-04-06 16:57:37.226] [io-thread-1] INFO  -> true
[2023-04-06 16:57:37.228] [io-thread-1] INFO  -> true
[2023-04-06 16:57:37.231] [io-thread-1] INFO  -> true
[2023-04-06 16:57:37.236] [io-thread-1] INFO  -> true
[2023-04-06 16:57:37.241] [io-thread-1] INFO  -> true
[2023-04-06 16:57:37.244] [io-thread-1] INFO  -> true
[2023-04-06 16:57:37.247] [io-thread-1] INFO  -> true
[2023-04-06 16:57:37.253] [io-thread-1] INFO  -> true
[2023-04-06 16:57:37.257] [io-thread-1] INFO  -> true
[2023-04-06 16:57:37.259] [io-thread-1] INFO  -> true
[2023-04-06 16:57:37.264] [io-thread-1] INFO  -> true
[2023-04-06 16:57:37.270] [io-thread-1] INFO  -> true
[2023-04-06 16:57:37.273] [io-thread-1] INFO  -> true
[2023-04-06 16:57:37.280] [io-thread-1] INFO  -> true
[2023-04-06 16:57:37.283] [io-thread-1] INFO  -> true
[2023-04-06 16:57:37.285] [io-thread-1] INFO  -> true
[2023-04-06 16:57:37.289] [io-thread-1] INFO  -> true
[2023-04-06 16:57:37.296] [io-thread-1] INFO  -> true
[2023-04-06 16:57:37.301] [io-thread-1] INFO  -> true
[2023-04-06 16:57:37.304] [io-thread-1] INFO  -> true
[2023-04-06 16:57:37.309] [io-thread-1] INFO  -> true
[2023-04-06 16:57:37.316] [io-thread-1] INFO  -> true
[2023-04-06 16:57:37.319] [io-thread-1] INFO  -> true
[2023-04-06 16:57:37.321] [io-thread-1] INFO  -> true
[2023-04-06 16:57:37.326] [io-thread-1] INFO  -> true
[2023-04-06 16:57:37.330] [io-thread-1] INFO  -> true
[2023-04-06 16:57:37.333] [io-thread-1] INFO  -> true
[2023-04-06 16:57:37.335] [io-thread-1] INFO  -> true
[2023-04-06 16:57:37.339] [io-thread-1] INFO  -> true
[2023-04-06 16:57:37.345] [io-thread-1] INFO  -> true
[2023-04-06 16:57:37.348] [io-thread-1] INFO  -> true
[2023-04-06 16:57:37.349] [io-thread-1] INFO  -> true
[2023-04-06 16:57:37.353] [io-thread-1] INFO  -> true
[2023-04-06 16:57:37.362] [io-thread-1] INFO  -> true
[2023-04-06 16:57:37.364] [io-thread-1] INFO  -> true
[2023-04-06 16:57:37.367] [io-thread-1] INFO  -> true
[2023-04-06 16:57:37.372] [io-thread-1] INFO  -> true
[2023-04-06 16:57:37.377] [io-thread-1] INFO  -> true
[2023-04-06 16:57:37.380] [io-thread-1] INFO  -> true
[2023-04-06 16:57:37.382] [io-thread-1] INFO  -> true
[2023-04-06 16:57:37.387] [io-thread-1] INFO  -> true
[2023-04-06 16:57:37.608] [io-thread-1] INFO  -> true
[2023-04-06 16:57:37.617] [io-thread-1] INFO  -> true
[2023-04-06 16:57:37.620] [io-thread-1] INFO  -> true
[2023-04-06 16:57:37.628] [io-thread-1] INFO  -> true
[2023-04-06 16:57:37.635] [io-thread-1] INFO  -> true
[2023-04-06 16:57:37.639] [io-thread-1] INFO  -> true
[2023-04-06 16:57:37.642] [io-thread-1] INFO  -> true
[2023-04-06 16:57:37.645] [io-thread-1] INFO  -> true
[2023-04-06 16:57:37.652] [io-thread-1] INFO  -> true
[2023-04-06 16:57:37.658] [io-thread-1] INFO  -> true
[2023-04-06 16:57:37.663] [io-thread-1] INFO  -> true
[2023-04-06 16:57:37.669] [io-thread-1] INFO  -> true
[2023-04-06 16:57:37.672] [io-thread-1] INFO  -> true
[2023-04-06 16:57:37.675] [io-thread-1] INFO  -> true
[2023-04-06 16:57:37.682] [io-thread-1] INFO  -> true
[2023-04-06 16:57:37.684] [io-thread-1] INFO  -> true
[2023-04-06 16:57:37.687] [io-thread-1] INFO  -> true
[2023-04-06 16:57:37.690] [io-thread-1] INFO  -> true
[2023-04-06 16:57:37.696] [io-thread-1] INFO  -> true
[2023-04-06 16:57:37.703] [io-thread-1] INFO  -> true
[2023-04-06 16:57:37.705] [io-thread-1] INFO  -> true
[2023-04-06 16:57:37.709] [io-thread-1] INFO  -> true
[2023-04-06 16:57:37.712] [io-thread-1] INFO  -> true
[2023-04-06 16:57:37.715] [io-thread-1] INFO  -> true
[2023-04-06 16:57:37.716] [io-thread-1] INFO  -> true
[2023-04-06 16:57:37.719] [io-thread-1] INFO  -> true
[2023-04-06 16:57:37.721] [io-thread-1] INFO  -> true
[2023-04-06 16:57:37.725] [io-thread-1] INFO  -> true
[2023-04-06 16:57:37.730] [io-thread-1] INFO  -> true
[2023-04-06 16:57:37.732] [io-thread-1] INFO  -> true
[2023-04-06 16:57:37.734] [io-thread-1] INFO  -> true
[2023-04-06 16:57:37.736] [io-thread-1] INFO  -> true
[2023-04-06 16:57:37.738] [io-thread-1] INFO  -> true
[2023-04-06 16:57:37.742] [io-thread-1] INFO  -> true
[2023-04-06 16:57:37.747] [io-thread-1] INFO  -> true
[2023-04-06 16:57:37.750] [io-thread-1] INFO  -> true
[2023-04-06 16:57:37.752] [io-thread-1] INFO  -> true
[2023-04-06 16:57:37.755] [io-thread-1] INFO  -> true
[2023-04-06 16:57:37.760] [io-thread-1] INFO  -> true
[2023-04-06 16:57:37.763] [io-thread-1] INFO  -> true
[2023-04-06 16:57:37.765] [io-thread-1] INFO  -> true
[2023-04-06 16:57:37.768] [io-thread-1] INFO  -> true
[2023-04-06 16:57:37.771] [io-thread-1] INFO  -> true
[2023-04-06 16:57:37.776] [io-thread-1] INFO  -> true
[2023-04-06 16:57:37.783] [io-thread-1] INFO  -> true
[2023-04-06 16:57:37.785] [io-thread-1] INFO  -> true
[2023-04-06 16:57:37.793] [io-thread-1] INFO  -> true
[2023-04-06 16:57:37.796] [io-thread-1] INFO  -> true
[2023-04-06 16:57:37.798] [io-thread-1] INFO  -> true
[2023-04-06 16:57:37.801] [io-thread-1] INFO  -> true
[2023-04-06 16:57:37.807] [io-thread-1] INFO  -> true
[2023-04-06 16:57:37.812] [io-thread-1] INFO  -> true
[2023-04-06 16:57:37.814] [io-thread-1] INFO  -> true
[2023-04-06 16:57:37.821] [io-thread-1] INFO  -> true
[2023-04-06 16:57:37.827] [io-thread-1] INFO  -> true
[2023-04-06 16:57:37.830] [io-thread-1] INFO  -> true
[2023-04-06 16:57:37.834] [io-thread-1] INFO  -> true
[2023-04-06 16:57:38.048] [io-thread-1] INFO  -> true
[2023-04-06 16:57:38.062] [io-thread-1] INFO  -> true
[2023-04-06 16:57:38.064] [io-thread-1] INFO  -> true
[2023-04-06 16:57:38.070] [io-thread-1] INFO  -> true
[2023-04-06 16:57:38.074] [io-thread-1] INFO  -> true
[2023-04-06 16:57:38.077] [io-thread-1] INFO  -> true
[2023-04-06 16:57:38.079] [io-thread-1] INFO  -> true
[2023-04-06 16:57:38.085] [io-thread-1] INFO  -> true
[2023-04-06 16:57:38.092] [io-thread-1] INFO  -> true
[2023-04-06 16:57:38.095] [io-thread-1] INFO  -> true
[2023-04-06 16:57:38.101] [io-thread-1] INFO  -> true
[2023-04-06 16:57:38.105] [io-thread-1] INFO  -> true
[2023-04-06 16:57:38.107] [io-thread-1] INFO  -> true
[2023-04-06 16:57:38.110] [io-thread-1] INFO  -> true
[2023-04-06 16:57:38.113] [io-thread-1] INFO  -> true
[2023-04-06 16:57:38.119] [io-thread-1] INFO  -> true
[2023-04-06 16:57:38.121] [io-thread-1] INFO  -> true
[2023-04-06 16:57:38.123] [io-thread-1] INFO  -> true
[2023-04-06 16:57:38.125] [io-thread-1] INFO  -> true
[2023-04-06 16:57:38.130] [io-thread-1] INFO  -> true
[2023-04-06 16:57:38.133] [io-thread-1] INFO  -> true
[2023-04-06 16:57:38.135] [io-thread-1] INFO  -> true
[2023-04-06 16:57:38.137] [io-thread-1] INFO  -> true
[2023-04-06 16:57:38.140] [io-thread-1] INFO  -> true
[2023-04-06 16:57:38.143] [io-thread-1] INFO  -> true
[2023-04-06 16:57:38.149] [io-thread-1] INFO  -> true
[2023-04-06 16:57:38.152] [io-thread-1] INFO  -> true
[2023-04-06 16:57:38.154] [io-thread-1] INFO  -> true
[2023-04-06 16:57:38.156] [io-thread-1] INFO  -> true
[2023-04-06 16:57:38.160] [io-thread-1] INFO  -> true
[2023-04-06 16:57:38.165] [io-thread-1] INFO  -> true
[2023-04-06 16:57:38.167] [io-thread-1] INFO  -> true
[2023-04-06 16:57:38.169] [io-thread-1] INFO  -> true
[2023-04-06 16:57:38.172] [io-thread-1] INFO  -> true
[2023-04-06 16:57:38.176] [io-thread-1] INFO  -> true
[2023-04-06 16:57:38.181] [io-thread-1] INFO  -> true
[2023-04-06 16:57:38.183] [io-thread-1] INFO  -> true
[2023-04-06 16:57:38.185] [io-thread-1] INFO  -> true
[2023-04-06 16:57:38.188] [io-thread-1] INFO  -> true
[2023-04-06 16:57:38.192] [io-thread-1] INFO  -> true
[2023-04-06 16:57:38.196] [io-thread-1] INFO  -> true
[2023-04-06 16:57:38.198] [io-thread-1] INFO  -> true
[2023-04-06 16:57:38.200] [io-thread-1] INFO  -> true
[2023-04-06 16:57:38.203] [io-thread-1] INFO  -> true
[2023-04-06 16:57:38.208] [io-thread-1] INFO  -> true
[2023-04-06 16:57:38.211] [io-thread-1] INFO  -> true
[2023-04-06 16:57:38.213] [io-thread-1] INFO  -> true
[2023-04-06 16:57:38.215] [io-thread-1] INFO  -> true
[2023-04-06 16:57:38.217] [io-thread-1] INFO  -> true
[2023-04-06 16:57:38.222] [io-thread-1] INFO  -> true
[2023-04-06 16:57:38.226] [io-thread-1] INFO  -> true
[2023-04-06 16:57:38.229] [io-thread-1] INFO  -> true
[2023-04-06 16:57:38.230] [io-thread-1] INFO  -> true
[2023-04-06 16:57:38.234] [io-thread-1] INFO  -> true
[2023-04-06 16:57:38.241] [io-thread-1] INFO  -> true
[2023-04-06 16:57:38.243] [io-thread-1] INFO  -> true
[2023-04-06 16:57:38.245] [io-thread-1] INFO  -> true
[2023-04-06 16:57:38.247] [io-thread-1] INFO  -> true
[2023-04-06 16:57:38.252] [io-thread-1] INFO  -> true
[2023-04-06 16:57:38.258] [io-thread-1] INFO  -> true
[2023-04-06 16:57:38.261] [io-thread-1] INFO  -> true
[2023-04-06 16:57:38.264] [io-thread-1] INFO  -> true
[2023-04-06 16:57:38.269] [io-thread-1] INFO  -> true
[2023-04-06 16:57:38.485] [io-thread-1] INFO  -> true
[2023-04-06 16:57:38.495] [io-thread-1] INFO  -> true
[2023-04-06 16:57:38.498] [io-thread-1] INFO  -> true
[2023-04-06 16:57:38.503] [io-thread-1] INFO  -> true
[2023-04-06 16:57:38.511] [io-thread-1] INFO  -> true
[2023-04-06 16:57:38.516] [io-thread-1] INFO  -> true
[2023-04-06 16:57:38.520] [io-thread-1] INFO  -> true
[2023-04-06 16:57:38.524] [io-thread-1] INFO  -> true
[2023-04-06 16:57:38.528] [io-thread-1] INFO  -> true
[2023-04-06 16:57:38.535] [io-thread-1] INFO  -> true
[2023-04-06 16:57:38.540] [io-thread-1] INFO  -> true
[2023-04-06 16:57:38.543] [io-thread-1] INFO  -> true
[2023-04-06 16:57:38.553] [io-thread-1] INFO  -> true
[2023-04-06 16:57:38.556] [io-thread-1] INFO  -> true
[2023-04-06 16:57:38.560] [io-thread-1] INFO  -> true
[2023-04-06 16:57:38.564] [io-thread-1] INFO  -> true
[2023-04-06 16:57:38.569] [io-thread-1] INFO  -> true
[2023-04-06 16:57:38.571] [io-thread-1] INFO  -> true
[2023-04-06 16:57:38.574] [io-thread-1] INFO  -> true
[2023-04-06 16:57:38.583] [io-thread-1] INFO  -> true
[2023-04-06 16:57:38.586] [io-thread-1] INFO  -> true
[2023-04-06 16:57:38.587] [io-thread-1] INFO  -> true
[2023-04-06 16:57:38.590] [io-thread-1] INFO  -> true
[2023-04-06 16:57:38.596] [io-thread-1] INFO  -> true
[2023-04-06 16:57:38.599] [io-thread-1] INFO  -> true
[2023-04-06 16:57:38.601] [io-thread-1] INFO  -> true
[2023-04-06 16:57:38.603] [io-thread-1] INFO  -> true
[2023-04-06 16:57:38.605] [io-thread-1] INFO  -> true
[2023-04-06 16:57:38.609] [io-thread-1] INFO  -> true
[2023-04-06 16:57:38.616] [io-thread-1] INFO  -> true
[2023-04-06 16:57:38.618] [io-thread-1] INFO  -> true
[2023-04-06 16:57:38.619] [io-thread-1] INFO  -> true
[2023-04-06 16:57:38.622] [io-thread-1] INFO  -> true
[2023-04-06 16:57:38.627] [io-thread-1] INFO  -> true
[2023-04-06 16:57:38.630] [io-thread-1] INFO  -> true
[2023-04-06 16:57:38.632] [io-thread-1] INFO  -> true
[2023-04-06 16:57:38.635] [io-thread-1] INFO  -> true
[2023-04-06 16:57:38.638] [io-thread-1] INFO  -> true
[2023-04-06 16:57:38.644] [io-thread-1] INFO  -> true
[2023-04-06 16:57:38.647] [io-thread-1] INFO  -> true
[2023-04-06 16:57:38.650] [io-thread-1] INFO  -> true
[2023-04-06 16:57:38.653] [io-thread-1] INFO  -> true
[2023-04-06 16:57:38.658] [io-thread-1] INFO  -> true
[2023-04-06 16:57:38.660] [io-thread-1] INFO  -> true
[2023-04-06 16:57:38.662] [io-thread-1] INFO  -> true
[2023-04-06 16:57:38.665] [io-thread-1] INFO  -> true
[2023-04-06 16:57:38.666] [io-thread-1] INFO  -> true
[2023-04-06 16:57:38.671] [io-thread-1] INFO  -> true
[2023-04-06 16:57:38.677] [io-thread-1] INFO  -> true
[2023-04-06 16:57:38.680] [io-thread-1] INFO  -> true
[2023-04-06 16:57:38.684] [io-thread-1] INFO  -> true
[2023-04-06 16:57:38.689] [ViewNode-Cluster-Timer] INFO  -> ViewNode-Cluster-leader节点响应超时，正在进行更新操作...
[2023-04-06 16:57:39.797] [io-thread-0] INFO  -> 成功更新ViewNode-Cluster-leader节点信息，位于/127.0.0.1:4003
